# JRE version: Java(TM) SE Runtime Environment (8.0_152-b16) (build 1.8.0_152-b16)
# Java VM: Java HotSpot(TM) 64-Bit Server VM (25.152-b16 mixed mode windows-amd64 compressed oops)
Heap:
 PSYoungGen      total 142336K, used 23654K [0x00000000eab00000, 0x00000000f4280000, 0x0000000100000000)
  eden space 129536K, 18% used [0x00000000eab00000,0x00000000ec219850,0x00000000f2980000)
  from space 12800K, 0% used [0x00000000f2980000,0x00000000f2980000,0x00000000f3600000)
  to   space 12288K, 0% used [0x00000000f3600000,0x00000000f3600000,0x00000000f4200000)
 ParOldGen       total 61440K, used 20369K [0x00000000c0000000, 0x00000000c3c00000, 0x00000000eab00000)
  object space 61440K, 33% used [0x00000000c0000000,0x00000000c13e4408,0x00000000c3c00000)
 Metaspace       used 35353K, capacity 36220K, committed 36352K, reserved 1081344K
  class space    used 5087K, capacity 5316K, committed 5376K, reserved 1048576K
GC Heap History (10 events):
Event: 30.041 GC heap before
{Heap before GC invocations=7 (full 1):
 PSYoungGen      total 38400K, used 33280K [0x00000000eab00000, 0x00000000f0200000, 0x0000000100000000)
  eden space 33280K, 100% used [0x00000000eab00000,0x00000000ecb80000,0x00000000ecb80000)
  from space 5120K, 0% used [0x00000000ecb80000,0x00000000ecb80000,0x00000000ed080000)
  to   space 11264K, 0% used [0x00000000ef700000,0x00000000ef700000,0x00000000f0200000)
 ParOldGen       total 49152K, used 9069K [0x00000000c0000000, 0x00000000c3000000, 0x00000000eab00000)
  object space 49152K, 18% used [0x00000000c0000000,0x00000000c08db600,0x00000000c3000000)
 Metaspace       used 23517K, capacity 23972K, committed 24192K, reserved 1071104K
  class space    used 3295K, capacity 3404K, committed 3456K, reserved 1048576K
Event: 30.044 GC heap after
Heap after GC invocations=7 (full 1):
 PSYoungGen      total 76800K, used 3373K [0x00000000eab00000, 0x00000000f0180000, 0x0000000100000000)
  eden space 66048K, 0% used [0x00000000eab00000,0x00000000eab00000,0x00000000eeb80000)
  from space 10752K, 31% used [0x00000000ef700000,0x00000000efa4b430,0x00000000f0180000)
  to   space 11264K, 0% used [0x00000000eeb80000,0x00000000eeb80000,0x00000000ef680000)
 ParOldGen       total 49152K, used 9077K [0x00000000c0000000, 0x00000000c3000000, 0x00000000eab00000)
  object space 49152K, 18% used [0x00000000c0000000,0x00000000c08dd600,0x00000000c3000000)
 Metaspace       used 23517K, capacity 23972K, committed 24192K, reserved 1071104K
  class space    used 3295K, capacity 3404K, committed 3456K, reserved 1048576K
}
Event: 62.338 GC heap before
{Heap before GC invocations=8 (full 1):
 PSYoungGen      total 76800K, used 69421K [0x00000000eab00000, 0x00000000f0180000, 0x0000000100000000)
  eden space 66048K, 100% used [0x00000000eab00000,0x00000000eeb80000,0x00000000eeb80000)
  from space 10752K, 31% used [0x00000000ef700000,0x00000000efa4b430,0x00000000f0180000)
  to   space 11264K, 0% used [0x00000000eeb80000,0x00000000eeb80000,0x00000000ef680000)
 ParOldGen       total 49152K, used 9077K [0x00000000c0000000, 0x00000000c3000000, 0x00000000eab00000)
  object space 49152K, 18% used [0x00000000c0000000,0x00000000c08dd600,0x00000000c3000000)
 Metaspace       used 29620K, capacity 30200K, committed 30592K, reserved 1075200K
  class space    used 4187K, capacity 4383K, committed 4480K, reserved 1048576K
Event: 62.358 GC heap after
Heap after GC invocations=8 (full 1):
 PSYoungGen      total 77312K, used 9180K [0x00000000eab00000, 0x00000000f4200000, 0x0000000100000000)
  eden space 66048K, 0% used [0x00000000eab00000,0x00000000eab00000,0x00000000eeb80000)
  from space 11264K, 81% used [0x00000000eeb80000,0x00000000ef477170,0x00000000ef680000)
  to   space 12288K, 0% used [0x00000000f3600000,0x00000000f3600000,0x00000000f4200000)
 ParOldGen       total 49152K, used 9085K [0x00000000c0000000, 0x00000000c3000000, 0x00000000eab00000)
  object space 49152K, 18% used [0x00000000c0000000,0x00000000c08df600,0x00000000c3000000)
 Metaspace       used 29620K, capacity 30200K, committed 30592K, reserved 1075200K
  class space    used 4187K, capacity 4383K, committed 4480K, reserved 1048576K
}
Event: 67.616 GC heap before
{Heap before GC invocations=9 (full 1):
 PSYoungGen      total 77312K, used 75228K [0x00000000eab00000, 0x00000000f4200000, 0x0000000100000000)
  eden space 66048K, 100% used [0x00000000eab00000,0x00000000eeb80000,0x00000000eeb80000)
  from space 11264K, 81% used [0x00000000eeb80000,0x00000000ef477170,0x00000000ef680000)
  to   space 12288K, 0% used [0x00000000f3600000,0x00000000f3600000,0x00000000f4200000)
 ParOldGen       total 49152K, used 9085K [0x00000000c0000000, 0x00000000c3000000, 0x00000000eab00000)
  object space 49152K, 18% used [0x00000000c0000000,0x00000000c08df600,0x00000000c3000000)
 Metaspace       used 32142K, capacity 32804K, committed 33024K, reserved 1077248K
  class space    used 4573K, capacity 4791K, committed 4864K, reserved 1048576K
Event: 67.626 GC heap after
Heap after GC invocations=9 (full 1):
 PSYoungGen      total 141824K, used 10147K [0x00000000eab00000, 0x00000000f4280000, 0x0000000100000000)
  eden space 129536K, 0% used [0x00000000eab00000,0x00000000eab00000,0x00000000f2980000)
  from space 12288K, 82% used [0x00000000f3600000,0x00000000f3fe8e48,0x00000000f4200000)
  to   space 12800K, 0% used [0x00000000f2980000,0x00000000f2980000,0x00000000f3600000)
 ParOldGen       total 49152K, used 9093K [0x00000000c0000000, 0x00000000c3000000, 0x00000000eab00000)
  object space 49152K, 18% used [0x00000000c0000000,0x00000000c08e1600,0x00000000c3000000)
 Metaspace       used 32142K, capacity 32804K, committed 33024K, reserved 1077248K
  class space    used 4573K, capacity 4791K, committed 4864K, reserved 1048576K
}
Event: 76.883 GC heap before
{Heap before GC invocations=10 (full 1):
 PSYoungGen      total 141824K, used 50920K [0x00000000eab00000, 0x00000000f4280000, 0x0000000100000000)
  eden space 129536K, 31% used [0x00000000eab00000,0x00000000ed2d1480,0x00000000f2980000)
  from space 12288K, 82% used [0x00000000f3600000,0x00000000f3fe8e48,0x00000000f4200000)
  to   space 12800K, 0% used [0x00000000f2980000,0x00000000f2980000,0x00000000f3600000)
 ParOldGen       total 49152K, used 9093K [0x00000000c0000000, 0x00000000c3000000, 0x00000000eab00000)
  object space 49152K, 18% used [0x00000000c0000000,0x00000000c08e1600,0x00000000c3000000)
 Metaspace       used 34373K, capacity 35328K, committed 35416K, reserved 1079296K
  class space    used 4914K, capacity 5113K, committed 5120K, reserved 1048576K
Event: 76.895 GC heap after
Heap after GC invocations=10 (full 1):
 PSYoungGen      total 142336K, used 12770K [0x00000000eab00000, 0x00000000f4280000, 0x0000000100000000)
  eden space 129536K, 0% used [0x00000000eab00000,0x00000000eab00000,0x00000000f2980000)
  from space 12800K, 99% used [0x00000000f2980000,0x00000000f35f89a0,0x00000000f3600000)
  to   space 12288K, 0% used [0x00000000f3600000,0x00000000f3600000,0x00000000f4200000)
 ParOldGen       total 49152K, used 10463K [0x00000000c0000000, 0x00000000c3000000, 0x00000000eab00000)
  object space 49152K, 21% used [0x00000000c0000000,0x00000000c0a37ec8,0x00000000c3000000)
 Metaspace       used 34373K, capacity 35328K, committed 35416K, reserved 1079296K
  class space    used 4914K, capacity 5113K, committed 5120K, reserved 1048576K
}
Event: 76.895 GC heap before
{Heap before GC invocations=11 (full 2):
 PSYoungGen      total 142336K, used 12770K [0x00000000eab00000, 0x00000000f4280000, 0x0000000100000000)
  eden space 129536K, 0% used [0x00000000eab00000,0x00000000eab00000,0x00000000f2980000)
  from space 12800K, 99% used [0x00000000f2980000,0x00000000f35f89a0,0x00000000f3600000)
  to   space 12288K, 0% used [0x00000000f3600000,0x00000000f3600000,0x00000000f4200000)
 ParOldGen       total 49152K, used 10463K [0x00000000c0000000, 0x00000000c3000000, 0x00000000eab00000)
  object space 49152K, 21% used [0x00000000c0000000,0x00000000c0a37ec8,0x00000000c3000000)
 Metaspace       used 34373K, capacity 35328K, committed 35416K, reserved 1079296K
  class space    used 4914K, capacity 5113K, committed 5120K, reserved 1048576K
Event: 76.972 GC heap after
Heap after GC invocations=11 (full 2):
 PSYoungGen      total 142336K, used 0K [0x00000000eab00000, 0x00000000f4280000, 0x0000000100000000)
  eden space 129536K, 0% used [0x00000000eab00000,0x00000000eab00000,0x00000000f2980000)
  from space 12800K, 0% used [0x00000000f2980000,0x00000000f2980000,0x00000000f3600000)
  to   space 12288K, 0% used [0x00000000f3600000,0x00000000f3600000,0x00000000f4200000)
 ParOldGen       total 61440K, used 20369K [0x00000000c0000000, 0x00000000c3c00000, 0x00000000eab00000)
  object space 61440K, 33% used [0x00000000c0000000,0x00000000c13e4408,0x00000000c3c00000)
 Metaspace       used 34373K, capacity 35328K, committed 35416K, reserved 1079296K
  class space    used 4914K, capacity 5113K, committed 5120K, reserved 1048576K
}

