# JRE version: Java(TM) SE Runtime Environment (8.0_152-b16) (build 1.8.0_152-b16)
# Java VM: Java HotSpot(TM) 64-Bit Server VM (25.152-b16 mixed mode windows-amd64 compressed oops)
Heap:
 PSYoungGen      total 274432K, used 18499K [0x00000000eab00000, 0x00000000fc900000, 0x0000000100000000)
  eden space 259584K, 7% used [0x00000000eab00000,0x00000000ebd10d48,0x00000000fa880000)
  from space 14848K, 0% used [0x00000000fb880000,0x00000000fb880000,0x00000000fc700000)
  to   space 16384K, 0% used [0x00000000fa880000,0x00000000fa880000,0x00000000fb880000)
 ParOldGen       total 61952K, used 19869K [0x00000000c0000000, 0x00000000c3c80000, 0x00000000eab00000)
  object space 61952K, 32% used [0x00000000c0000000,0x00000000c13675a0,0x00000000c3c80000)
 Metaspace       used 35220K, capacity 36188K, committed 36312K, reserved 1081344K
  class space    used 5069K, capacity 5284K, committed 5336K, reserved 1048576K
GC Heap History (10 events):
Event: 24.306 GC heap before
{Heap before GC invocations=6 (full 1):
 PSYoungGen      total 71680K, used 5099K [0x00000000eab00000, 0x00000000f4300000, 0x0000000100000000)
  eden space 66560K, 0% used [0x00000000eab00000,0x00000000eab00000,0x00000000eec00000)
  from space 5120K, 99% used [0x00000000eec00000,0x00000000ef0fafd0,0x00000000ef100000)
  to   space 11264K, 0% used [0x00000000f3800000,0x00000000f3800000,0x00000000f4300000)
 ParOldGen       total 87552K, used 8395K [0x00000000c0000000, 0x00000000c5580000, 0x00000000eab00000)
  object space 87552K, 9% used [0x00000000c0000000,0x00000000c0832d90,0x00000000c5580000)
 Metaspace       used 20764K, capacity 21134K, committed 21248K, reserved 1067008K
  class space    used 2877K, capacity 3015K, committed 3072K, reserved 1048576K
Event: 24.363 GC heap after
Heap after GC invocations=6 (full 1):
 PSYoungGen      total 71680K, used 0K [0x00000000eab00000, 0x00000000f4300000, 0x0000000100000000)
  eden space 66560K, 0% used [0x00000000eab00000,0x00000000eab00000,0x00000000eec00000)
  from space 5120K, 0% used [0x00000000eec00000,0x00000000eec00000,0x00000000ef100000)
  to   space 11264K, 0% used [0x00000000f3800000,0x00000000f3800000,0x00000000f4300000)
 ParOldGen       total 49664K, used 10082K [0x00000000c0000000, 0x00000000c3080000, 0x00000000eab00000)
  object space 49664K, 20% used [0x00000000c0000000,0x00000000c09d8810,0x00000000c3080000)
 Metaspace       used 20764K, capacity 21134K, committed 21248K, reserved 1067008K
  class space    used 2877K, capacity 3015K, committed 3072K, reserved 1048576K
}
Event: 50.609 GC heap before
{Heap before GC invocations=7 (full 1):
 PSYoungGen      total 71680K, used 66560K [0x00000000eab00000, 0x00000000f4300000, 0x0000000100000000)
  eden space 66560K, 100% used [0x00000000eab00000,0x00000000eec00000,0x00000000eec00000)
  from space 5120K, 0% used [0x00000000eec00000,0x00000000eec00000,0x00000000ef100000)
  to   space 11264K, 0% used [0x00000000f3800000,0x00000000f3800000,0x00000000f4300000)
 ParOldGen       total 49664K, used 10082K [0x00000000c0000000, 0x00000000c3080000, 0x00000000eab00000)
  object space 49664K, 20% used [0x00000000c0000000,0x00000000c09d8810,0x00000000c3080000)
 Metaspace       used 26160K, capacity 26844K, committed 26880K, reserved 1073152K
  class space    used 3640K, capacity 3821K, committed 3840K, reserved 1048576K
Event: 50.616 GC heap after
Heap after GC invocations=7 (full 1):
 PSYoungGen      total 141312K, used 7066K [0x00000000eab00000, 0x00000000f4100000, 0x0000000100000000)
  eden space 132096K, 0% used [0x00000000eab00000,0x00000000eab00000,0x00000000f2c00000)
  from space 9216K, 76% used [0x00000000f3800000,0x00000000f3ee6ae8,0x00000000f4100000)
  to   space 10752K, 0% used [0x00000000f2c00000,0x00000000f2c00000,0x00000000f3680000)
 ParOldGen       total 49664K, used 10082K [0x00000000c0000000, 0x00000000c3080000, 0x00000000eab00000)
  object space 49664K, 20% used [0x00000000c0000000,0x00000000c09d8810,0x00000000c3080000)
 Metaspace       used 26160K, capacity 26844K, committed 26880K, reserved 1073152K
  class space    used 3640K, capacity 3821K, committed 3840K, reserved 1048576K
}
Event: 74.357 GC heap before
{Heap before GC invocations=8 (full 1):
 PSYoungGen      total 141312K, used 139162K [0x00000000eab00000, 0x00000000f4100000, 0x0000000100000000)
  eden space 132096K, 100% used [0x00000000eab00000,0x00000000f2c00000,0x00000000f2c00000)
  from space 9216K, 76% used [0x00000000f3800000,0x00000000f3ee6ae8,0x00000000f4100000)
  to   space 10752K, 0% used [0x00000000f2c00000,0x00000000f2c00000,0x00000000f3680000)
 ParOldGen       total 49664K, used 10082K [0x00000000c0000000, 0x00000000c3080000, 0x00000000eab00000)
  object space 49664K, 20% used [0x00000000c0000000,0x00000000c09d8810,0x00000000c3080000)
 Metaspace       used 33956K, capacity 34804K, committed 35072K, reserved 1079296K
  class space    used 4864K, capacity 5083K, committed 5120K, reserved 1048576K
Event: 74.368 GC heap after
Heap after GC invocations=8 (full 1):
 PSYoungGen      total 142848K, used 10740K [0x00000000eab00000, 0x00000000fc700000, 0x0000000100000000)
  eden space 132096K, 0% used [0x00000000eab00000,0x00000000eab00000,0x00000000f2c00000)
  from space 10752K, 99% used [0x00000000f2c00000,0x00000000f367d010,0x00000000f3680000)
  to   space 14848K, 0% used [0x00000000fb880000,0x00000000fb880000,0x00000000fc700000)
 ParOldGen       total 49664K, used 14970K [0x00000000c0000000, 0x00000000c3080000, 0x00000000eab00000)
  object space 49664K, 30% used [0x00000000c0000000,0x00000000c0e9e890,0x00000000c3080000)
 Metaspace       used 33956K, capacity 34804K, committed 35072K, reserved 1079296K
  class space    used 4864K, capacity 5083K, committed 5120K, reserved 1048576K
}
Event: 76.558 GC heap before
{Heap before GC invocations=9 (full 1):
 PSYoungGen      total 142848K, used 25056K [0x00000000eab00000, 0x00000000fc700000, 0x0000000100000000)
  eden space 132096K, 10% used [0x00000000eab00000,0x00000000eb8fb3a0,0x00000000f2c00000)
  from space 10752K, 99% used [0x00000000f2c00000,0x00000000f367d010,0x00000000f3680000)
  to   space 14848K, 0% used [0x00000000fb880000,0x00000000fb880000,0x00000000fc700000)
 ParOldGen       total 49664K, used 14970K [0x00000000c0000000, 0x00000000c3080000, 0x00000000eab00000)
  object space 49664K, 30% used [0x00000000c0000000,0x00000000c0e9e890,0x00000000c3080000)
 Metaspace       used 34535K, capacity 35364K, committed 35416K, reserved 1079296K
  class space    used 4949K, capacity 5183K, committed 5208K, reserved 1048576K
Event: 76.577 GC heap after
Heap after GC invocations=9 (full 1):
 PSYoungGen      total 274432K, used 13412K [0x00000000eab00000, 0x00000000fc900000, 0x0000000100000000)
  eden space 259584K, 0% used [0x00000000eab00000,0x00000000eab00000,0x00000000fa880000)
  from space 14848K, 90% used [0x00000000fb880000,0x00000000fc599020,0x00000000fc700000)
  to   space 16384K, 0% used [0x00000000fa880000,0x00000000fa880000,0x00000000fb880000)
 ParOldGen       total 49664K, used 14978K [0x00000000c0000000, 0x00000000c3080000, 0x00000000eab00000)
  object space 49664K, 30% used [0x00000000c0000000,0x00000000c0ea0890,0x00000000c3080000)
 Metaspace       used 34535K, capacity 35364K, committed 35416K, reserved 1079296K
  class space    used 4949K, capacity 5183K, committed 5208K, reserved 1048576K
}
Event: 76.577 GC heap before
{Heap before GC invocations=10 (full 2):
 PSYoungGen      total 274432K, used 13412K [0x00000000eab00000, 0x00000000fc900000, 0x0000000100000000)
  eden space 259584K, 0% used [0x00000000eab00000,0x00000000eab00000,0x00000000fa880000)
  from space 14848K, 90% used [0x00000000fb880000,0x00000000fc599020,0x00000000fc700000)
  to   space 16384K, 0% used [0x00000000fa880000,0x00000000fa880000,0x00000000fb880000)
 ParOldGen       total 49664K, used 14978K [0x00000000c0000000, 0x00000000c3080000, 0x00000000eab00000)
  object space 49664K, 30% used [0x00000000c0000000,0x00000000c0ea0890,0x00000000c3080000)
 Metaspace       used 34535K, capacity 35364K, committed 35416K, reserved 1079296K
  class space    used 4949K, capacity 5183K, committed 5208K, reserved 1048576K
Event: 76.670 GC heap after
Heap after GC invocations=10 (full 2):
 PSYoungGen      total 274432K, used 0K [0x00000000eab00000, 0x00000000fc900000, 0x0000000100000000)
  eden space 259584K, 0% used [0x00000000eab00000,0x00000000eab00000,0x00000000fa880000)
  from space 14848K, 0% used [0x00000000fb880000,0x00000000fb880000,0x00000000fc700000)
  to   space 16384K, 0% used [0x00000000fa880000,0x00000000fa880000,0x00000000fb880000)
 ParOldGen       total 61952K, used 19869K [0x00000000c0000000, 0x00000000c3c80000, 0x00000000eab00000)
  object space 61952K, 32% used [0x00000000c0000000,0x00000000c13675a0,0x00000000c3c80000)
 Metaspace       used 34535K, capacity 35364K, committed 35416K, reserved 1079296K
  class space    used 4949K, capacity 5183K, committed 5208K, reserved 1048576K
}

