# JRE version: Java(TM) SE Runtime Environment (8.0_152-b16) (build 1.8.0_152-b16)
# Java VM: Java HotSpot(TM) 64-Bit Server VM (25.152-b16 mixed mode windows-amd64 compressed oops)
Heap:
 PSYoungGen      total 144896K, used 86845K [0x00000000eab00000, 0x00000000fc180000, 0x0000000100000000)
  eden space 131072K, 66% used [0x00000000eab00000,0x00000000effcf5d0,0x00000000f2b00000)
  from space 13824K, 0% used [0x00000000f2b00000,0x00000000f2b00000,0x00000000f3880000)
  to   space 13824K, 0% used [0x00000000fb400000,0x00000000fb400000,0x00000000fc180000)
 ParOldGen       total 58880K, used 16161K [0x00000000c0000000, 0x00000000c3980000, 0x00000000eab00000)
  object space 58880K, 27% used [0x00000000c0000000,0x00000000c0fc8660,0x00000000c3980000)
 Metaspace       used 38595K, capacity 39456K, committed 39552K, reserved 1083392K
  class space    used 5454K, capacity 5706K, committed 5760K, reserved 1048576K
GC Heap History (10 events):
Event: 24.318 GC heap before
{Heap before GC invocations=5 (full 1):
 PSYoungGen      total 71680K, used 4576K [0x00000000eab00000, 0x00000000f3700000, 0x0000000100000000)
  eden space 66560K, 0% used [0x00000000eab00000,0x00000000eab00000,0x00000000eec00000)
  from space 5120K, 89% used [0x00000000ef100000,0x00000000ef578030,0x00000000ef600000)
  to   space 5120K, 0% used [0x00000000eec00000,0x00000000eec00000,0x00000000ef100000)
 ParOldGen       total 87552K, used 9776K [0x00000000c0000000, 0x00000000c5580000, 0x00000000eab00000)
  object space 87552K, 11% used [0x00000000c0000000,0x00000000c098c018,0x00000000c5580000)
 Metaspace       used 20781K, capacity 21134K, committed 21248K, reserved 1067008K
  class space    used 2876K, capacity 3015K, committed 3072K, reserved 1048576K
Event: 24.360 GC heap after
Heap after GC invocations=5 (full 1):
 PSYoungGen      total 71680K, used 0K [0x00000000eab00000, 0x00000000f3700000, 0x0000000100000000)
  eden space 66560K, 0% used [0x00000000eab00000,0x00000000eab00000,0x00000000eec00000)
  from space 5120K, 0% used [0x00000000ef100000,0x00000000ef100000,0x00000000ef600000)
  to   space 5120K, 0% used [0x00000000eec00000,0x00000000eec00000,0x00000000ef100000)
 ParOldGen       total 50688K, used 8557K [0x00000000c0000000, 0x00000000c3180000, 0x00000000eab00000)
  object space 50688K, 16% used [0x00000000c0000000,0x00000000c085b538,0x00000000c3180000)
 Metaspace       used 20781K, capacity 21134K, committed 21248K, reserved 1067008K
  class space    used 2876K, capacity 3015K, committed 3072K, reserved 1048576K
}
Event: 40.019 GC heap before
{Heap before GC invocations=6 (full 1):
 PSYoungGen      total 71680K, used 66560K [0x00000000eab00000, 0x00000000f3700000, 0x0000000100000000)
  eden space 66560K, 100% used [0x00000000eab00000,0x00000000eec00000,0x00000000eec00000)
  from space 5120K, 0% used [0x00000000ef100000,0x00000000ef100000,0x00000000ef600000)
  to   space 5120K, 0% used [0x00000000eec00000,0x00000000eec00000,0x00000000ef100000)
 ParOldGen       total 50688K, used 8557K [0x00000000c0000000, 0x00000000c3180000, 0x00000000eab00000)
  object space 50688K, 16% used [0x00000000c0000000,0x00000000c085b538,0x00000000c3180000)
 Metaspace       used 26978K, capacity 27568K, committed 27776K, reserved 1073152K
  class space    used 3693K, capacity 3869K, committed 3968K, reserved 1048576K
Event: 40.024 GC heap after
Heap after GC invocations=6 (full 1):
 PSYoungGen      total 71680K, used 5106K [0x00000000eab00000, 0x00000000f4500000, 0x0000000100000000)
  eden space 66560K, 0% used [0x00000000eab00000,0x00000000eab00000,0x00000000eec00000)
  from space 5120K, 99% used [0x00000000eec00000,0x00000000ef0fc860,0x00000000ef100000)
  to   space 12800K, 0% used [0x00000000f3880000,0x00000000f3880000,0x00000000f4500000)
 ParOldGen       total 50688K, used 11038K [0x00000000c0000000, 0x00000000c3180000, 0x00000000eab00000)
  object space 50688K, 21% used [0x00000000c0000000,0x00000000c0ac7950,0x00000000c3180000)
 Metaspace       used 26978K, capacity 27568K, committed 27776K, reserved 1073152K
  class space    used 3693K, capacity 3869K, committed 3968K, reserved 1048576K
}
Event: 62.464 GC heap before
{Heap before GC invocations=7 (full 1):
 PSYoungGen      total 71680K, used 71666K [0x00000000eab00000, 0x00000000f4500000, 0x0000000100000000)
  eden space 66560K, 100% used [0x00000000eab00000,0x00000000eec00000,0x00000000eec00000)
  from space 5120K, 99% used [0x00000000eec00000,0x00000000ef0fc860,0x00000000ef100000)
  to   space 12800K, 0% used [0x00000000f3880000,0x00000000f3880000,0x00000000f4500000)
 ParOldGen       total 50688K, used 11038K [0x00000000c0000000, 0x00000000c3180000, 0x00000000eab00000)
  object space 50688K, 21% used [0x00000000c0000000,0x00000000c0ac7950,0x00000000c3180000)
 Metaspace       used 32805K, capacity 33536K, committed 33792K, reserved 1079296K
  class space    used 4528K, capacity 4749K, committed 4864K, reserved 1048576K
Event: 62.475 GC heap after
Heap after GC invocations=7 (full 1):
 PSYoungGen      total 143872K, used 10514K [0x00000000eab00000, 0x00000000f4680000, 0x0000000100000000)
  eden space 131072K, 0% used [0x00000000eab00000,0x00000000eab00000,0x00000000f2b00000)
  from space 12800K, 82% used [0x00000000f3880000,0x00000000f42c4970,0x00000000f4500000)
  to   space 13824K, 0% used [0x00000000f2b00000,0x00000000f2b00000,0x00000000f3880000)
 ParOldGen       total 50688K, used 11046K [0x00000000c0000000, 0x00000000c3180000, 0x00000000eab00000)
  object space 50688K, 21% used [0x00000000c0000000,0x00000000c0ac9950,0x00000000c3180000)
 Metaspace       used 32805K, capacity 33536K, committed 33792K, reserved 1079296K
  class space    used 4528K, capacity 4749K, committed 4864K, reserved 1048576K
}
Event: 65.229 GC heap before
{Heap before GC invocations=8 (full 1):
 PSYoungGen      total 143872K, used 60302K [0x00000000eab00000, 0x00000000f4680000, 0x0000000100000000)
  eden space 131072K, 37% used [0x00000000eab00000,0x00000000edb9eea8,0x00000000f2b00000)
  from space 12800K, 82% used [0x00000000f3880000,0x00000000f42c4970,0x00000000f4500000)
  to   space 13824K, 0% used [0x00000000f2b00000,0x00000000f2b00000,0x00000000f3880000)
 ParOldGen       total 50688K, used 11046K [0x00000000c0000000, 0x00000000c3180000, 0x00000000eab00000)
  object space 50688K, 21% used [0x00000000c0000000,0x00000000c0ac9950,0x00000000c3180000)
 Metaspace       used 34660K, capacity 35352K, committed 35416K, reserved 1079296K
  class space    used 4815K, capacity 5073K, committed 5120K, reserved 1048576K
Event: 65.257 GC heap after
Heap after GC invocations=8 (full 1):
 PSYoungGen      total 144896K, used 9755K [0x00000000eab00000, 0x00000000fc180000, 0x0000000100000000)
  eden space 131072K, 0% used [0x00000000eab00000,0x00000000eab00000,0x00000000f2b00000)
  from space 13824K, 70% used [0x00000000f2b00000,0x00000000f3486f78,0x00000000f3880000)
  to   space 13824K, 0% used [0x00000000fb400000,0x00000000fb400000,0x00000000fc180000)
 ParOldGen       total 50688K, used 11054K [0x00000000c0000000, 0x00000000c3180000, 0x00000000eab00000)
  object space 50688K, 21% used [0x00000000c0000000,0x00000000c0acb950,0x00000000c3180000)
 Metaspace       used 34660K, capacity 35352K, committed 35416K, reserved 1079296K
  class space    used 4815K, capacity 5073K, committed 5120K, reserved 1048576K
}
Event: 65.257 GC heap before
{Heap before GC invocations=9 (full 2):
 PSYoungGen      total 144896K, used 9755K [0x00000000eab00000, 0x00000000fc180000, 0x0000000100000000)
  eden space 131072K, 0% used [0x00000000eab00000,0x00000000eab00000,0x00000000f2b00000)
  from space 13824K, 70% used [0x00000000f2b00000,0x00000000f3486f78,0x00000000f3880000)
  to   space 13824K, 0% used [0x00000000fb400000,0x00000000fb400000,0x00000000fc180000)
 ParOldGen       total 50688K, used 11054K [0x00000000c0000000, 0x00000000c3180000, 0x00000000eab00000)
  object space 50688K, 21% used [0x00000000c0000000,0x00000000c0acb950,0x00000000c3180000)
 Metaspace       used 34660K, capacity 35352K, committed 35416K, reserved 1079296K
  class space    used 4815K, capacity 5073K, committed 5120K, reserved 1048576K
Event: 65.379 GC heap after
Heap after GC invocations=9 (full 2):
 PSYoungGen      total 144896K, used 0K [0x00000000eab00000, 0x00000000fc180000, 0x0000000100000000)
  eden space 131072K, 0% used [0x00000000eab00000,0x00000000eab00000,0x00000000f2b00000)
  from space 13824K, 0% used [0x00000000f2b00000,0x00000000f2b00000,0x00000000f3880000)
  to   space 13824K, 0% used [0x00000000fb400000,0x00000000fb400000,0x00000000fc180000)
 ParOldGen       total 58880K, used 16161K [0x00000000c0000000, 0x00000000c3980000, 0x00000000eab00000)
  object space 58880K, 27% used [0x00000000c0000000,0x00000000c0fc8660,0x00000000c3980000)
 Metaspace       used 34620K, capacity 35232K, committed 35416K, reserved 1079296K
  class space    used 4804K, capacity 5033K, committed 5120K, reserved 1048576K
}

