# JRE version: Java(TM) SE Runtime Environment (8.0_152-b16) (build 1.8.0_152-b16)
# Java VM: Java HotSpot(TM) 64-Bit Server VM (25.152-b16 mixed mode windows-amd64 compressed oops)
Heap:
 PSYoungGen      total 134144K, used 53342K [0x00000000eab00000, 0x00000000f7d80000, 0x0000000100000000)
  eden space 121856K, 43% used [0x00000000eab00000,0x00000000edf17b88,0x00000000f2200000)
  from space 12288K, 0% used [0x00000000f2200000,0x00000000f2200000,0x00000000f2e00000)
  to   space 15360K, 0% used [0x00000000f6e80000,0x00000000f6e80000,0x00000000f7d80000)
 ParOldGen       total 67584K, used 21410K [0x00000000c0000000, 0x00000000c4200000, 0x00000000eab00000)
  object space 67584K, 31% used [0x00000000c0000000,0x00000000c14e8b08,0x00000000c4200000)
 Metaspace       used 37019K, capacity 37912K, committed 38104K, reserved 1081344K
  class space    used 5265K, capacity 5526K, committed 5592K, reserved 1048576K
GC Heap History (10 events):
Event: 5.082 GC heap before
{Heap before GC invocations=7 (full 1):
 PSYoungGen      total 38400K, used 33280K [0x00000000eab00000, 0x00000000f0100000, 0x0000000100000000)
  eden space 33280K, 100% used [0x00000000eab00000,0x00000000ecb80000,0x00000000ecb80000)
  from space 5120K, 0% used [0x00000000ecb80000,0x00000000ecb80000,0x00000000ed080000)
  to   space 10752K, 0% used [0x00000000ef680000,0x00000000ef680000,0x00000000f0100000)
 ParOldGen       total 50176K, used 9286K [0x00000000c0000000, 0x00000000c3100000, 0x00000000eab00000)
  object space 50176K, 18% used [0x00000000c0000000,0x00000000c09118c0,0x00000000c3100000)
 Metaspace       used 23510K, capacity 23972K, committed 24192K, reserved 1071104K
  class space    used 3293K, capacity 3404K, committed 3456K, reserved 1048576K
Event: 5.087 GC heap after
Heap after GC invocations=7 (full 1):
 PSYoungGen      total 74240K, used 3261K [0x00000000eab00000, 0x00000000f0000000, 0x0000000100000000)
  eden space 64512K, 0% used [0x00000000eab00000,0x00000000eab00000,0x00000000eea00000)
  from space 9728K, 33% used [0x00000000ef680000,0x00000000ef9af420,0x00000000f0000000)
  to   space 11264K, 0% used [0x00000000eea00000,0x00000000eea00000,0x00000000ef500000)
 ParOldGen       total 50176K, used 9294K [0x00000000c0000000, 0x00000000c3100000, 0x00000000eab00000)
  object space 50176K, 18% used [0x00000000c0000000,0x00000000c09138c0,0x00000000c3100000)
 Metaspace       used 23510K, capacity 23972K, committed 24192K, reserved 1071104K
  class space    used 3293K, capacity 3404K, committed 3456K, reserved 1048576K
}
Event: 7.926 GC heap before
{Heap before GC invocations=8 (full 1):
 PSYoungGen      total 74240K, used 67773K [0x00000000eab00000, 0x00000000f0000000, 0x0000000100000000)
  eden space 64512K, 100% used [0x00000000eab00000,0x00000000eea00000,0x00000000eea00000)
  from space 9728K, 33% used [0x00000000ef680000,0x00000000ef9af420,0x00000000f0000000)
  to   space 11264K, 0% used [0x00000000eea00000,0x00000000eea00000,0x00000000ef500000)
 ParOldGen       total 50176K, used 9294K [0x00000000c0000000, 0x00000000c3100000, 0x00000000eab00000)
  object space 50176K, 18% used [0x00000000c0000000,0x00000000c09138c0,0x00000000c3100000)
 Metaspace       used 29453K, capacity 30104K, committed 30208K, reserved 1075200K
  class space    used 4146K, capacity 4351K, committed 4352K, reserved 1048576K
Event: 7.942 GC heap after
Heap after GC invocations=8 (full 1):
 PSYoungGen      total 75776K, used 8995K [0x00000000eab00000, 0x00000000f3a80000, 0x0000000100000000)
  eden space 64512K, 0% used [0x00000000eab00000,0x00000000eab00000,0x00000000eea00000)
  from space 11264K, 79% used [0x00000000eea00000,0x00000000ef2c8ec8,0x00000000ef500000)
  to   space 11776K, 0% used [0x00000000f2f00000,0x00000000f2f00000,0x00000000f3a80000)
 ParOldGen       total 50176K, used 9302K [0x00000000c0000000, 0x00000000c3100000, 0x00000000eab00000)
  object space 50176K, 18% used [0x00000000c0000000,0x00000000c09158c0,0x00000000c3100000)
 Metaspace       used 29453K, capacity 30104K, committed 30208K, reserved 1075200K
  class space    used 4146K, capacity 4351K, committed 4352K, reserved 1048576K
}
Event: 8.543 GC heap before
{Heap before GC invocations=9 (full 1):
 PSYoungGen      total 75776K, used 73507K [0x00000000eab00000, 0x00000000f3a80000, 0x0000000100000000)
  eden space 64512K, 100% used [0x00000000eab00000,0x00000000eea00000,0x00000000eea00000)
  from space 11264K, 79% used [0x00000000eea00000,0x00000000ef2c8ec8,0x00000000ef500000)
  to   space 11776K, 0% used [0x00000000f2f00000,0x00000000f2f00000,0x00000000f3a80000)
 ParOldGen       total 50176K, used 9302K [0x00000000c0000000, 0x00000000c3100000, 0x00000000eab00000)
  object space 50176K, 18% used [0x00000000c0000000,0x00000000c09158c0,0x00000000c3100000)
 Metaspace       used 31919K, capacity 32582K, committed 33024K, reserved 1077248K
  class space    used 4536K, capacity 4747K, committed 4864K, reserved 1048576K
Event: 8.554 GC heap after
Heap after GC invocations=9 (full 1):
 PSYoungGen      total 133120K, used 9345K [0x00000000eab00000, 0x00000000f3a00000, 0x0000000100000000)
  eden space 121856K, 0% used [0x00000000eab00000,0x00000000eab00000,0x00000000f2200000)
  from space 11264K, 82% used [0x00000000f2f00000,0x00000000f3820478,0x00000000f3a00000)
  to   space 12288K, 0% used [0x00000000f2200000,0x00000000f2200000,0x00000000f2e00000)
 ParOldGen       total 50176K, used 9310K [0x00000000c0000000, 0x00000000c3100000, 0x00000000eab00000)
  object space 50176K, 18% used [0x00000000c0000000,0x00000000c09178c0,0x00000000c3100000)
 Metaspace       used 31919K, capacity 32582K, committed 33024K, reserved 1077248K
  class space    used 4536K, capacity 4747K, committed 4864K, reserved 1048576K
}
Event: 9.656 GC heap before
{Heap before GC invocations=10 (full 1):
 PSYoungGen      total 133120K, used 58430K [0x00000000eab00000, 0x00000000f3a00000, 0x0000000100000000)
  eden space 121856K, 40% used [0x00000000eab00000,0x00000000edaef460,0x00000000f2200000)
  from space 11264K, 82% used [0x00000000f2f00000,0x00000000f3820478,0x00000000f3a00000)
  to   space 12288K, 0% used [0x00000000f2200000,0x00000000f2200000,0x00000000f2e00000)
 ParOldGen       total 50176K, used 9310K [0x00000000c0000000, 0x00000000c3100000, 0x00000000eab00000)
  object space 50176K, 18% used [0x00000000c0000000,0x00000000c09178c0,0x00000000c3100000)
 Metaspace       used 34421K, capacity 35334K, committed 35416K, reserved 1079296K
  class space    used 4926K, capacity 5154K, committed 5208K, reserved 1048576K
Event: 9.668 GC heap after
Heap after GC invocations=10 (full 1):
 PSYoungGen      total 134144K, used 12272K [0x00000000eab00000, 0x00000000f7d80000, 0x0000000100000000)
  eden space 121856K, 0% used [0x00000000eab00000,0x00000000eab00000,0x00000000f2200000)
  from space 12288K, 99% used [0x00000000f2200000,0x00000000f2dfc010,0x00000000f2e00000)
  to   space 15360K, 0% used [0x00000000f6e80000,0x00000000f6e80000,0x00000000f7d80000)
 ParOldGen       total 50176K, used 12154K [0x00000000c0000000, 0x00000000c3100000, 0x00000000eab00000)
  object space 50176K, 24% used [0x00000000c0000000,0x00000000c0bde9b0,0x00000000c3100000)
 Metaspace       used 34421K, capacity 35334K, committed 35416K, reserved 1079296K
  class space    used 4926K, capacity 5154K, committed 5208K, reserved 1048576K
}
Event: 9.668 GC heap before
{Heap before GC invocations=11 (full 2):
 PSYoungGen      total 134144K, used 12272K [0x00000000eab00000, 0x00000000f7d80000, 0x0000000100000000)
  eden space 121856K, 0% used [0x00000000eab00000,0x00000000eab00000,0x00000000f2200000)
  from space 12288K, 99% used [0x00000000f2200000,0x00000000f2dfc010,0x00000000f2e00000)
  to   space 15360K, 0% used [0x00000000f6e80000,0x00000000f6e80000,0x00000000f7d80000)
 ParOldGen       total 50176K, used 12154K [0x00000000c0000000, 0x00000000c3100000, 0x00000000eab00000)
  object space 50176K, 24% used [0x00000000c0000000,0x00000000c0bde9b0,0x00000000c3100000)
 Metaspace       used 34421K, capacity 35334K, committed 35416K, reserved 1079296K
  class space    used 4926K, capacity 5154K, committed 5208K, reserved 1048576K
Event: 9.737 GC heap after
Heap after GC invocations=11 (full 2):
 PSYoungGen      total 134144K, used 0K [0x00000000eab00000, 0x00000000f7d80000, 0x0000000100000000)
  eden space 121856K, 0% used [0x00000000eab00000,0x00000000eab00000,0x00000000f2200000)
  from space 12288K, 0% used [0x00000000f2200000,0x00000000f2200000,0x00000000f2e00000)
  to   space 15360K, 0% used [0x00000000f6e80000,0x00000000f6e80000,0x00000000f7d80000)
 ParOldGen       total 67584K, used 21410K [0x00000000c0000000, 0x00000000c4200000, 0x00000000eab00000)
  object space 67584K, 31% used [0x00000000c0000000,0x00000000c14e8b08,0x00000000c4200000)
 Metaspace       used 34421K, capacity 35334K, committed 35416K, reserved 1079296K
  class space    used 4926K, capacity 5154K, committed 5208K, reserved 1048576K
}

