# JRE version: Java(TM) SE Runtime Environment (8.0_152-b16) (build 1.8.0_152-b16)
# Java VM: Java HotSpot(TM) 64-Bit Server VM (25.152-b16 mixed mode windows-amd64 compressed oops)
Heap:
 PSYoungGen      total 82432K, used 68428K [0x00000000eab00000, 0x00000000f1b80000, 0x0000000100000000)
  eden space 68096K, 88% used [0x00000000eab00000,0x00000000ee60b210,0x00000000eed80000)
  from space 14336K, 55% used [0x00000000eed80000,0x00000000ef548010,0x00000000efb80000)
  to   space 13824K, 0% used [0x00000000f0e00000,0x00000000f0e00000,0x00000000f1b80000)
 ParOldGen       total 117248K, used 21644K [0x00000000c0000000, 0x00000000c7280000, 0x00000000eab00000)
  object space 117248K, 18% used [0x00000000c0000000,0x00000000c1523328,0x00000000c7280000)
 Metaspace       used 37676K, capacity 38746K, committed 38872K, reserved 1083392K
  class space    used 5300K, capacity 5562K, committed 5592K, reserved 1048576K
GC Heap History (10 events):
Event: 9.888 GC heap before
{Heap before GC invocations=9 (full 1):
 PSYoungGen      total 55296K, used 51974K [0x00000000eab00000, 0x00000000efa00000, 0x0000000100000000)
  eden space 44032K, 100% used [0x00000000eab00000,0x00000000ed600000,0x00000000ed600000)
  from space 11264K, 70% used [0x00000000ed600000,0x00000000eddc1be8,0x00000000ee100000)
  to   space 11264K, 0% used [0x00000000eef00000,0x00000000eef00000,0x00000000efa00000)
 ParOldGen       total 70144K, used 10039K [0x00000000c0000000, 0x00000000c4480000, 0x00000000eab00000)
  object space 70144K, 14% used [0x00000000c0000000,0x00000000c09cdfc0,0x00000000c4480000)
 Metaspace       used 31693K, capacity 32346K, committed 32640K, reserved 1077248K
  class space    used 4494K, capacity 4712K, committed 4736K, reserved 1048576K
Event: 9.898 GC heap after
Heap after GC invocations=9 (full 1):
 PSYoungGen      total 69120K, used 8579K [0x00000000eab00000, 0x00000000efb80000, 0x0000000100000000)
  eden space 57856K, 0% used [0x00000000eab00000,0x00000000eab00000,0x00000000ee380000)
  from space 11264K, 76% used [0x00000000eef00000,0x00000000ef760cf0,0x00000000efa00000)
  to   space 11776K, 0% used [0x00000000ee380000,0x00000000ee380000,0x00000000eef00000)
 ParOldGen       total 70144K, used 10047K [0x00000000c0000000, 0x00000000c4480000, 0x00000000eab00000)
  object space 70144K, 14% used [0x00000000c0000000,0x00000000c09cffc0,0x00000000c4480000)
 Metaspace       used 31693K, capacity 32346K, committed 32640K, reserved 1077248K
  class space    used 4494K, capacity 4712K, committed 4736K, reserved 1048576K
}
Event: 13.751 GC heap before
{Heap before GC invocations=10 (full 1):
 PSYoungGen      total 69120K, used 61554K [0x00000000eab00000, 0x00000000efb80000, 0x0000000100000000)
  eden space 57856K, 91% used [0x00000000eab00000,0x00000000edebbef8,0x00000000ee380000)
  from space 11264K, 76% used [0x00000000eef00000,0x00000000ef760cf0,0x00000000efa00000)
  to   space 11776K, 0% used [0x00000000ee380000,0x00000000ee380000,0x00000000eef00000)
 ParOldGen       total 70144K, used 10047K [0x00000000c0000000, 0x00000000c4480000, 0x00000000eab00000)
  object space 70144K, 14% used [0x00000000c0000000,0x00000000c09cffc0,0x00000000c4480000)
 Metaspace       used 34301K, capacity 35352K, committed 35416K, reserved 1079296K
  class space    used 4910K, capacity 5145K, committed 5208K, reserved 1048576K
Event: 13.767 GC heap after
Heap after GC invocations=10 (full 1):
 PSYoungGen      total 69632K, used 11764K [0x00000000eab00000, 0x00000000f0b00000, 0x0000000100000000)
  eden space 57856K, 0% used [0x00000000eab00000,0x00000000eab00000,0x00000000ee380000)
  from space 11776K, 99% used [0x00000000ee380000,0x00000000eeefd050,0x00000000eef00000)
  to   space 14848K, 0% used [0x00000000efc80000,0x00000000efc80000,0x00000000f0b00000)
 ParOldGen       total 70144K, used 13496K [0x00000000c0000000, 0x00000000c4480000, 0x00000000eab00000)
  object space 70144K, 19% used [0x00000000c0000000,0x00000000c0d2e3c8,0x00000000c4480000)
 Metaspace       used 34301K, capacity 35352K, committed 35416K, reserved 1079296K
  class space    used 4910K, capacity 5145K, committed 5208K, reserved 1048576K
}
Event: 13.767 GC heap before
{Heap before GC invocations=11 (full 2):
 PSYoungGen      total 69632K, used 11764K [0x00000000eab00000, 0x00000000f0b00000, 0x0000000100000000)
  eden space 57856K, 0% used [0x00000000eab00000,0x00000000eab00000,0x00000000ee380000)
  from space 11776K, 99% used [0x00000000ee380000,0x00000000eeefd050,0x00000000eef00000)
  to   space 14848K, 0% used [0x00000000efc80000,0x00000000efc80000,0x00000000f0b00000)
 ParOldGen       total 70144K, used 13496K [0x00000000c0000000, 0x00000000c4480000, 0x00000000eab00000)
  object space 70144K, 19% used [0x00000000c0000000,0x00000000c0d2e3c8,0x00000000c4480000)
 Metaspace       used 34301K, capacity 35352K, committed 35416K, reserved 1079296K
  class space    used 4910K, capacity 5145K, committed 5208K, reserved 1048576K
Event: 13.870 GC heap after
Heap after GC invocations=11 (full 2):
 PSYoungGen      total 69632K, used 0K [0x00000000eab00000, 0x00000000f0b00000, 0x0000000100000000)
  eden space 57856K, 0% used [0x00000000eab00000,0x00000000eab00000,0x00000000ee380000)
  from space 11776K, 0% used [0x00000000ee380000,0x00000000ee380000,0x00000000eef00000)
  to   space 14848K, 0% used [0x00000000efc80000,0x00000000efc80000,0x00000000f0b00000)
 ParOldGen       total 117248K, used 21628K [0x00000000c0000000, 0x00000000c7280000, 0x00000000eab00000)
  object space 117248K, 18% used [0x00000000c0000000,0x00000000c151f328,0x00000000c7280000)
 Metaspace       used 34301K, capacity 35352K, committed 35416K, reserved 1079296K
  class space    used 4910K, capacity 5145K, committed 5208K, reserved 1048576K
}
Event: 19.853 GC heap before
{Heap before GC invocations=12 (full 2):
 PSYoungGen      total 69632K, used 57856K [0x00000000eab00000, 0x00000000f0b00000, 0x0000000100000000)
  eden space 57856K, 100% used [0x00000000eab00000,0x00000000ee380000,0x00000000ee380000)
  from space 11776K, 0% used [0x00000000ee380000,0x00000000ee380000,0x00000000eef00000)
  to   space 14848K, 0% used [0x00000000efc80000,0x00000000efc80000,0x00000000f0b00000)
 ParOldGen       total 117248K, used 21628K [0x00000000c0000000, 0x00000000c7280000, 0x00000000eab00000)
  object space 117248K, 18% used [0x00000000c0000000,0x00000000c151f328,0x00000000c7280000)
 Metaspace       used 37172K, capacity 38160K, committed 38360K, reserved 1081344K
  class space    used 5290K, capacity 5523K, committed 5592K, reserved 1048576K
Event: 19.859 GC heap after
Heap after GC invocations=12 (full 2):
 PSYoungGen      total 81408K, used 7307K [0x00000000eab00000, 0x00000000f0980000, 0x0000000100000000)
  eden space 68096K, 0% used [0x00000000eab00000,0x00000000eab00000,0x00000000eed80000)
  from space 13312K, 54% used [0x00000000efc80000,0x00000000f03a2d38,0x00000000f0980000)
  to   space 14336K, 0% used [0x00000000eed80000,0x00000000eed80000,0x00000000efb80000)
 ParOldGen       total 117248K, used 21636K [0x00000000c0000000, 0x00000000c7280000, 0x00000000eab00000)
  object space 117248K, 18% used [0x00000000c0000000,0x00000000c1521328,0x00000000c7280000)
 Metaspace       used 37172K, capacity 38160K, committed 38360K, reserved 1081344K
  class space    used 5290K, capacity 5523K, committed 5592K, reserved 1048576K
}
Event: 20.188 GC heap before
{Heap before GC invocations=13 (full 2):
 PSYoungGen      total 81408K, used 75403K [0x00000000eab00000, 0x00000000f0980000, 0x0000000100000000)
  eden space 68096K, 100% used [0x00000000eab00000,0x00000000eed80000,0x00000000eed80000)
  from space 13312K, 54% used [0x00000000efc80000,0x00000000f03a2d38,0x00000000f0980000)
  to   space 14336K, 0% used [0x00000000eed80000,0x00000000eed80000,0x00000000efb80000)
 ParOldGen       total 117248K, used 21636K [0x00000000c0000000, 0x00000000c7280000, 0x00000000eab00000)
  object space 117248K, 18% used [0x00000000c0000000,0x00000000c1521328,0x00000000c7280000)
 Metaspace       used 37375K, capacity 38414K, committed 38616K, reserved 1083392K
  class space    used 5295K, capacity 5560K, committed 5592K, reserved 1048576K
Event: 20.198 GC heap after
Heap after GC invocations=13 (full 2):
 PSYoungGen      total 82432K, used 7968K [0x00000000eab00000, 0x00000000f1b80000, 0x0000000100000000)
  eden space 68096K, 0% used [0x00000000eab00000,0x00000000eab00000,0x00000000eed80000)
  from space 14336K, 55% used [0x00000000eed80000,0x00000000ef548010,0x00000000efb80000)
  to   space 13824K, 0% used [0x00000000f0e00000,0x00000000f0e00000,0x00000000f1b80000)
 ParOldGen       total 117248K, used 21644K [0x00000000c0000000, 0x00000000c7280000, 0x00000000eab00000)
  object space 117248K, 18% used [0x00000000c0000000,0x00000000c1523328,0x00000000c7280000)
 Metaspace       used 37375K, capacity 38414K, committed 38616K, reserved 1083392K
  class space    used 5295K, capacity 5560K, committed 5592K, reserved 1048576K
}

