# JRE version: Java(TM) SE Runtime Environment (8.0_152-b16) (build 1.8.0_152-b16)
# Java VM: Java HotSpot(TM) 64-Bit Server VM (25.152-b16 mixed mode windows-amd64 compressed oops)
Heap:
 PSYoungGen      total 140800K, used 94905K [0x00000000d5d80000, 0x00000000dee80000, 0x0000000100000000)
  eden space 133120K, 66% used [0x00000000d5d80000,0x00000000db361f50,0x00000000ddf80000)
  from space 7680K, 90% used [0x00000000de700000,0x00000000dedcc518,0x00000000dee80000)
  to   space 7680K, 0% used [0x00000000ddf80000,0x00000000ddf80000,0x00000000de700000)
 ParOldGen       total 87552K, used 6493K [0x0000000081800000, 0x0000000086d80000, 0x00000000d5d80000)
  object space 87552K, 7% used [0x0000000081800000,0x0000000081e57788,0x0000000086d80000)
 Metaspace       used 20016K, capacity 20498K, committed 20736K, reserved 1067008K
  class space    used 2568K, capacity 2717K, committed 2816K, reserved 1048576K
GC Heap History (10 events):
Event: 1.168 GC heap before
{Heap before GC invocations=2 (full 0):
 PSYoungGen      total 38400K, used 38375K [0x00000000d5d80000, 0x00000000d8800000, 0x0000000100000000)
  eden space 33280K, 100% used [0x00000000d5d80000,0x00000000d7e00000,0x00000000d7e00000)
  from space 5120K, 99% used [0x00000000d7e00000,0x00000000d82f9da8,0x00000000d8300000)
  to   space 5120K, 0% used [0x00000000d8300000,0x00000000d8300000,0x00000000d8800000)
 ParOldGen       total 87552K, used 707K [0x0000000081800000, 0x0000000086d80000, 0x00000000d5d80000)
  object space 87552K, 0% used [0x0000000081800000,0x00000000818b0dc0,0x0000000086d80000)
 Metaspace       used 14466K, capacity 14726K, committed 14848K, reserved 1062912K
  class space    used 1894K, capacity 2019K, committed 2048K, reserved 1048576K
Event: 1.173 GC heap after
Heap after GC invocations=2 (full 0):
 PSYoungGen      total 38400K, used 5115K [0x00000000d5d80000, 0x00000000da880000, 0x0000000100000000)
  eden space 33280K, 0% used [0x00000000d5d80000,0x00000000d5d80000,0x00000000d7e00000)
  from space 5120K, 99% used [0x00000000d8300000,0x00000000d87feee8,0x00000000d8800000)
  to   space 5120K, 0% used [0x00000000d7e00000,0x00000000d7e00000,0x00000000d8300000)
 ParOldGen       total 87552K, used 1831K [0x0000000081800000, 0x0000000086d80000, 0x00000000d5d80000)
  object space 87552K, 2% used [0x0000000081800000,0x00000000819c9c90,0x0000000086d80000)
 Metaspace       used 14466K, capacity 14726K, committed 14848K, reserved 1062912K
  class space    used 1894K, capacity 2019K, committed 2048K, reserved 1048576K
}
Event: 1.502 GC heap before
{Heap before GC invocations=3 (full 0):
 PSYoungGen      total 38400K, used 38395K [0x00000000d5d80000, 0x00000000da880000, 0x0000000100000000)
  eden space 33280K, 100% used [0x00000000d5d80000,0x00000000d7e00000,0x00000000d7e00000)
  from space 5120K, 99% used [0x00000000d8300000,0x00000000d87feee8,0x00000000d8800000)
  to   space 5120K, 0% used [0x00000000d7e00000,0x00000000d7e00000,0x00000000d8300000)
 ParOldGen       total 87552K, used 1831K [0x0000000081800000, 0x0000000086d80000, 0x00000000d5d80000)
  object space 87552K, 2% used [0x0000000081800000,0x00000000819c9c90,0x0000000086d80000)
 Metaspace       used 16750K, capacity 16932K, committed 17152K, reserved 1064960K
  class space    used 2198K, capacity 2280K, committed 2304K, reserved 1048576K
Event: 1.507 GC heap after
Heap after GC invocations=3 (full 0):
 PSYoungGen      total 38400K, used 5110K [0x00000000d5d80000, 0x00000000da880000, 0x0000000100000000)
  eden space 33280K, 0% used [0x00000000d5d80000,0x00000000d5d80000,0x00000000d7e00000)
  from space 5120K, 99% used [0x00000000d7e00000,0x00000000d82fdb78,0x00000000d8300000)
  to   space 5120K, 0% used [0x00000000da380000,0x00000000da380000,0x00000000da880000)
 ParOldGen       total 87552K, used 3407K [0x0000000081800000, 0x0000000086d80000, 0x00000000d5d80000)
  object space 87552K, 3% used [0x0000000081800000,0x0000000081b53f58,0x0000000086d80000)
 Metaspace       used 16750K, capacity 16932K, committed 17152K, reserved 1064960K
  class space    used 2198K, capacity 2280K, committed 2304K, reserved 1048576K
}
Event: 1.766 GC heap before
{Heap before GC invocations=4 (full 0):
 PSYoungGen      total 38400K, used 38390K [0x00000000d5d80000, 0x00000000da880000, 0x0000000100000000)
  eden space 33280K, 100% used [0x00000000d5d80000,0x00000000d7e00000,0x00000000d7e00000)
  from space 5120K, 99% used [0x00000000d7e00000,0x00000000d82fdb78,0x00000000d8300000)
  to   space 5120K, 0% used [0x00000000da380000,0x00000000da380000,0x00000000da880000)
 ParOldGen       total 87552K, used 3407K [0x0000000081800000, 0x0000000086d80000, 0x00000000d5d80000)
  object space 87552K, 3% used [0x0000000081800000,0x0000000081b53f58,0x0000000086d80000)
 Metaspace       used 17788K, capacity 18108K, committed 18432K, reserved 1064960K
  class space    used 2338K, capacity 2460K, committed 2560K, reserved 1048576K
Event: 1.771 GC heap after
Heap after GC invocations=4 (full 0):
 PSYoungGen      total 71680K, used 5104K [0x00000000d5d80000, 0x00000000da880000, 0x0000000100000000)
  eden space 66560K, 0% used [0x00000000d5d80000,0x00000000d5d80000,0x00000000d9e80000)
  from space 5120K, 99% used [0x00000000da380000,0x00000000da87c050,0x00000000da880000)
  to   space 5120K, 0% used [0x00000000d9e80000,0x00000000d9e80000,0x00000000da380000)
 ParOldGen       total 87552K, used 4283K [0x0000000081800000, 0x0000000086d80000, 0x00000000d5d80000)
  object space 87552K, 4% used [0x0000000081800000,0x0000000081c2ed00,0x0000000086d80000)
 Metaspace       used 17788K, capacity 18108K, committed 18432K, reserved 1064960K
  class space    used 2338K, capacity 2460K, committed 2560K, reserved 1048576K
}
Event: 2.397 GC heap before
{Heap before GC invocations=5 (full 0):
 PSYoungGen      total 71680K, used 71664K [0x00000000d5d80000, 0x00000000da880000, 0x0000000100000000)
  eden space 66560K, 100% used [0x00000000d5d80000,0x00000000d9e80000,0x00000000d9e80000)
  from space 5120K, 99% used [0x00000000da380000,0x00000000da87c050,0x00000000da880000)
  to   space 5120K, 0% used [0x00000000d9e80000,0x00000000d9e80000,0x00000000da380000)
 ParOldGen       total 87552K, used 4283K [0x0000000081800000, 0x0000000086d80000, 0x00000000d5d80000)
  object space 87552K, 4% used [0x0000000081800000,0x0000000081c2ed00,0x0000000086d80000)
 Metaspace       used 19586K, capacity 20042K, committed 20224K, reserved 1067008K
  class space    used 2560K, capacity 2705K, committed 2816K, reserved 1048576K
Event: 2.404 GC heap after
Heap after GC invocations=5 (full 0):
 PSYoungGen      total 71680K, used 5088K [0x00000000d5d80000, 0x00000000dee80000, 0x0000000100000000)
  eden space 66560K, 0% used [0x00000000d5d80000,0x00000000d5d80000,0x00000000d9e80000)
  from space 5120K, 99% used [0x00000000d9e80000,0x00000000da378040,0x00000000da380000)
  to   space 7680K, 0% used [0x00000000de700000,0x00000000de700000,0x00000000dee80000)
 ParOldGen       total 87552K, used 6485K [0x0000000081800000, 0x0000000086d80000, 0x00000000d5d80000)
  object space 87552K, 7% used [0x0000000081800000,0x0000000081e55788,0x0000000086d80000)
 Metaspace       used 19586K, capacity 20042K, committed 20224K, reserved 1067008K
  class space    used 2560K, capacity 2705K, committed 2816K, reserved 1048576K
}
Event: 2.806 GC heap before
{Heap before GC invocations=6 (full 0):
 PSYoungGen      total 71680K, used 71648K [0x00000000d5d80000, 0x00000000dee80000, 0x0000000100000000)
  eden space 66560K, 100% used [0x00000000d5d80000,0x00000000d9e80000,0x00000000d9e80000)
  from space 5120K, 99% used [0x00000000d9e80000,0x00000000da378040,0x00000000da380000)
  to   space 7680K, 0% used [0x00000000de700000,0x00000000de700000,0x00000000dee80000)
 ParOldGen       total 87552K, used 6485K [0x0000000081800000, 0x0000000086d80000, 0x00000000d5d80000)
  object space 87552K, 7% used [0x0000000081800000,0x0000000081e55788,0x0000000086d80000)
 Metaspace       used 19841K, capacity 20340K, committed 20480K, reserved 1067008K
  class space    used 2565K, capacity 2712K, committed 2816K, reserved 1048576K
Event: 2.814 GC heap after
Heap after GC invocations=6 (full 0):
 PSYoungGen      total 140800K, used 6961K [0x00000000d5d80000, 0x00000000dee80000, 0x0000000100000000)
  eden space 133120K, 0% used [0x00000000d5d80000,0x00000000d5d80000,0x00000000ddf80000)
  from space 7680K, 90% used [0x00000000de700000,0x00000000dedcc518,0x00000000dee80000)
  to   space 7680K, 0% used [0x00000000ddf80000,0x00000000ddf80000,0x00000000de700000)
 ParOldGen       total 87552K, used 6493K [0x0000000081800000, 0x0000000086d80000, 0x00000000d5d80000)
  object space 87552K, 7% used [0x0000000081800000,0x0000000081e57788,0x0000000086d80000)
 Metaspace       used 19841K, capacity 20340K, committed 20480K, reserved 1067008K
  class space    used 2565K, capacity 2712K, committed 2816K, reserved 1048576K
}

