# JRE version: Java(TM) SE Runtime Environment (8.0_152-b16) (build 1.8.0_152-b16)
# Java VM: Java HotSpot(TM) 64-Bit Server VM (25.152-b16 mixed mode windows-amd64 compressed oops)
Heap:
 PSYoungGen      total 73216K, used 36212K [0x00000000eab00000, 0x00000000f3280000, 0x0000000100000000)
  eden space 62464K, 44% used [0x00000000eab00000,0x00000000ec5e4d90,0x00000000ee800000)
  from space 10752K, 80% used [0x00000000ee800000,0x00000000ef0783e8,0x00000000ef280000)
  to   space 11776K, 0% used [0x00000000f2700000,0x00000000f2700000,0x00000000f3280000)
 ParOldGen       total 49664K, used 7712K [0x00000000c0000000, 0x00000000c3080000, 0x00000000eab00000)
  object space 49664K, 15% used [0x00000000c0000000,0x00000000c0788318,0x00000000c3080000)
 Metaspace       used 30146K, capacity 30830K, committed 31104K, reserved 1075200K
  class space    used 4220K, capacity 4422K, committed 4480K, reserved 1048576K
GC Heap History (10 events):
Event: 7.169 GC heap before
{Heap before GC invocations=4 (full 0):
 PSYoungGen      total 38400K, used 37645K [0x00000000eab00000, 0x00000000ed580000, 0x0000000100000000)
  eden space 33280K, 97% used [0x00000000eab00000,0x00000000ecac7a80,0x00000000ecb80000)
  from space 5120K, 99% used [0x00000000ecb80000,0x00000000ed07bad8,0x00000000ed080000)
  to   space 5120K, 0% used [0x00000000ed080000,0x00000000ed080000,0x00000000ed580000)
 ParOldGen       total 87552K, used 3158K [0x00000000c0000000, 0x00000000c5580000, 0x00000000eab00000)
  object space 87552K, 3% used [0x00000000c0000000,0x00000000c03159d8,0x00000000c5580000)
 Metaspace       used 20504K, capacity 20878K, committed 20992K, reserved 1067008K
  class space    used 2868K, capacity 3015K, committed 3072K, reserved 1048576K
Event: 7.200 GC heap after
Heap after GC invocations=4 (full 0):
 PSYoungGen      total 38400K, used 5119K [0x00000000eab00000, 0x00000000ef600000, 0x0000000100000000)
  eden space 33280K, 0% used [0x00000000eab00000,0x00000000eab00000,0x00000000ecb80000)
  from space 5120K, 99% used [0x00000000ed080000,0x00000000ed57fc40,0x00000000ed580000)
  to   space 5120K, 0% used [0x00000000ecb80000,0x00000000ecb80000,0x00000000ed080000)
 ParOldGen       total 87552K, used 7737K [0x00000000c0000000, 0x00000000c5580000, 0x00000000eab00000)
  object space 87552K, 8% used [0x00000000c0000000,0x00000000c078e4f8,0x00000000c5580000)
 Metaspace       used 20504K, capacity 20878K, committed 20992K, reserved 1067008K
  class space    used 2868K, capacity 3015K, committed 3072K, reserved 1048576K
}
Event: 7.222 GC heap before
{Heap before GC invocations=5 (full 0):
 PSYoungGen      total 38400K, used 7819K [0x00000000eab00000, 0x00000000ef600000, 0x0000000100000000)
  eden space 33280K, 8% used [0x00000000eab00000,0x00000000eada3398,0x00000000ecb80000)
  from space 5120K, 99% used [0x00000000ed080000,0x00000000ed57fc40,0x00000000ed580000)
  to   space 5120K, 0% used [0x00000000ecb80000,0x00000000ecb80000,0x00000000ed080000)
 ParOldGen       total 87552K, used 7737K [0x00000000c0000000, 0x00000000c5580000, 0x00000000eab00000)
  object space 87552K, 8% used [0x00000000c0000000,0x00000000c078e4f8,0x00000000c5580000)
 Metaspace       used 20777K, capacity 21134K, committed 21248K, reserved 1067008K
  class space    used 2868K, capacity 3015K, committed 3072K, reserved 1048576K
Event: 7.266 GC heap after
Heap after GC invocations=5 (full 0):
 PSYoungGen      total 38400K, used 4624K [0x00000000eab00000, 0x00000000f0100000, 0x0000000100000000)
  eden space 33280K, 0% used [0x00000000eab00000,0x00000000eab00000,0x00000000ecb80000)
  from space 5120K, 90% used [0x00000000ecb80000,0x00000000ed004020,0x00000000ed080000)
  to   space 10752K, 0% used [0x00000000ef680000,0x00000000ef680000,0x00000000f0100000)
 ParOldGen       total 87552K, used 8813K [0x00000000c0000000, 0x00000000c5580000, 0x00000000eab00000)
  object space 87552K, 10% used [0x00000000c0000000,0x00000000c089b4b8,0x00000000c5580000)
 Metaspace       used 20777K, capacity 21134K, committed 21248K, reserved 1067008K
  class space    used 2868K, capacity 3015K, committed 3072K, reserved 1048576K
}
Event: 7.266 GC heap before
{Heap before GC invocations=6 (full 1):
 PSYoungGen      total 38400K, used 4624K [0x00000000eab00000, 0x00000000f0100000, 0x0000000100000000)
  eden space 33280K, 0% used [0x00000000eab00000,0x00000000eab00000,0x00000000ecb80000)
  from space 5120K, 90% used [0x00000000ecb80000,0x00000000ed004020,0x00000000ed080000)
  to   space 10752K, 0% used [0x00000000ef680000,0x00000000ef680000,0x00000000f0100000)
 ParOldGen       total 87552K, used 8813K [0x00000000c0000000, 0x00000000c5580000, 0x00000000eab00000)
  object space 87552K, 10% used [0x00000000c0000000,0x00000000c089b4b8,0x00000000c5580000)
 Metaspace       used 20777K, capacity 21134K, committed 21248K, reserved 1067008K
  class space    used 2868K, capacity 3015K, committed 3072K, reserved 1048576K
Event: 7.403 GC heap after
Heap after GC invocations=6 (full 1):
 PSYoungGen      total 38400K, used 0K [0x00000000eab00000, 0x00000000f0100000, 0x0000000100000000)
  eden space 33280K, 0% used [0x00000000eab00000,0x00000000eab00000,0x00000000ecb80000)
  from space 5120K, 0% used [0x00000000ecb80000,0x00000000ecb80000,0x00000000ed080000)
  to   space 10752K, 0% used [0x00000000ef680000,0x00000000ef680000,0x00000000f0100000)
 ParOldGen       total 49664K, used 7704K [0x00000000c0000000, 0x00000000c3080000, 0x00000000eab00000)
  object space 49664K, 15% used [0x00000000c0000000,0x00000000c0786318,0x00000000c3080000)
 Metaspace       used 20777K, capacity 21134K, committed 21248K, reserved 1067008K
  class space    used 2868K, capacity 3015K, committed 3072K, reserved 1048576K
}
Event: 9.411 GC heap before
{Heap before GC invocations=7 (full 1):
 PSYoungGen      total 38400K, used 33280K [0x00000000eab00000, 0x00000000f0100000, 0x0000000100000000)
  eden space 33280K, 100% used [0x00000000eab00000,0x00000000ecb80000,0x00000000ecb80000)
  from space 5120K, 0% used [0x00000000ecb80000,0x00000000ecb80000,0x00000000ed080000)
  to   space 10752K, 0% used [0x00000000ef680000,0x00000000ef680000,0x00000000f0100000)
 ParOldGen       total 49664K, used 7704K [0x00000000c0000000, 0x00000000c3080000, 0x00000000eab00000)
  object space 49664K, 15% used [0x00000000c0000000,0x00000000c0786318,0x00000000c3080000)
 Metaspace       used 23492K, capacity 24004K, committed 24192K, reserved 1071104K
  class space    used 3285K, capacity 3436K, committed 3456K, reserved 1048576K
Event: 9.418 GC heap after
Heap after GC invocations=7 (full 1):
 PSYoungGen      total 69120K, used 3223K [0x00000000eab00000, 0x00000000efd00000, 0x0000000100000000)
  eden space 62464K, 0% used [0x00000000eab00000,0x00000000eab00000,0x00000000ee800000)
  from space 6656K, 48% used [0x00000000ef680000,0x00000000ef9a5de0,0x00000000efd00000)
  to   space 10752K, 0% used [0x00000000ee800000,0x00000000ee800000,0x00000000ef280000)
 ParOldGen       total 49664K, used 7704K [0x00000000c0000000, 0x00000000c3080000, 0x00000000eab00000)
  object space 49664K, 15% used [0x00000000c0000000,0x00000000c0786318,0x00000000c3080000)
 Metaspace       used 23492K, capacity 24004K, committed 24192K, reserved 1071104K
  class space    used 3285K, capacity 3436K, committed 3456K, reserved 1048576K
}
Event: 12.945 GC heap before
{Heap before GC invocations=8 (full 1):
 PSYoungGen      total 69120K, used 65687K [0x00000000eab00000, 0x00000000efd00000, 0x0000000100000000)
  eden space 62464K, 100% used [0x00000000eab00000,0x00000000ee800000,0x00000000ee800000)
  from space 6656K, 48% used [0x00000000ef680000,0x00000000ef9a5de0,0x00000000efd00000)
  to   space 10752K, 0% used [0x00000000ee800000,0x00000000ee800000,0x00000000ef280000)
 ParOldGen       total 49664K, used 7704K [0x00000000c0000000, 0x00000000c3080000, 0x00000000eab00000)
  object space 49664K, 15% used [0x00000000c0000000,0x00000000c0786318,0x00000000c3080000)
 Metaspace       used 29088K, capacity 29764K, committed 29952K, reserved 1075200K
  class space    used 4089K, capacity 4321K, committed 4352K, reserved 1048576K
Event: 12.972 GC heap after
Heap after GC invocations=8 (full 1):
 PSYoungGen      total 73216K, used 8672K [0x00000000eab00000, 0x00000000f3280000, 0x0000000100000000)
  eden space 62464K, 0% used [0x00000000eab00000,0x00000000eab00000,0x00000000ee800000)
  from space 10752K, 80% used [0x00000000ee800000,0x00000000ef0783e8,0x00000000ef280000)
  to   space 11776K, 0% used [0x00000000f2700000,0x00000000f2700000,0x00000000f3280000)
 ParOldGen       total 49664K, used 7712K [0x00000000c0000000, 0x00000000c3080000, 0x00000000eab00000)
  object space 49664K, 15% used [0x00000000c0000000,0x00000000c0788318,0x00000000c3080000)
 Metaspace       used 29088K, capacity 29764K, committed 29952K, reserved 1075200K
  class space    used 4089K, capacity 4321K, committed 4352K, reserved 1048576K
}

