# JRE version: Java(TM) SE Runtime Environment (8.0_152-b16) (build 1.8.0_152-b16)
# Java VM: Java HotSpot(TM) 64-Bit Server VM (25.152-b16 mixed mode windows-amd64 compressed oops)
Heap:
 PSYoungGen      total 141312K, used 2468K [0x00000000d5d80000, 0x00000000df180000, 0x0000000100000000)
  eden space 132096K, 1% used [0x00000000d5d80000,0x00000000d5fe9350,0x00000000dde80000)
  from space 9216K, 0% used [0x00000000dde80000,0x00000000dde80000,0x00000000de780000)
  to   space 8192K, 0% used [0x00000000de780000,0x00000000de780000,0x00000000def80000)
 ParOldGen       total 58880K, used 9211K [0x0000000081800000, 0x0000000085180000, 0x00000000d5d80000)
  object space 58880K, 15% used [0x0000000081800000,0x00000000820fef98,0x0000000085180000)
 Metaspace       used 20954K, capacity 21198K, committed 21552K, reserved 1069056K
  class space    used 2743K, capacity 2818K, committed 2864K, reserved 1048576K
GC Heap History (10 events):
Event: 1.436 GC heap after
Heap after GC invocations=3 (full 0):
 PSYoungGen      total 38400K, used 4899K [0x00000000d5d80000, 0x00000000da880000, 0x0000000100000000)
  eden space 33280K, 0% used [0x00000000d5d80000,0x00000000d5d80000,0x00000000d7e00000)
  from space 5120K, 95% used [0x00000000d7e00000,0x00000000d82c8c08,0x00000000d8300000)
  to   space 5120K, 0% used [0x00000000da380000,0x00000000da380000,0x00000000da880000)
 ParOldGen       total 87552K, used 24K [0x0000000081800000, 0x0000000086d80000, 0x00000000d5d80000)
  object space 87552K, 0% used [0x0000000081800000,0x0000000081806000,0x0000000086d80000)
 Metaspace       used 13056K, capacity 13200K, committed 13568K, reserved 1060864K
  class space    used 1627K, capacity 1693K, committed 1792K, reserved 1048576K
}
Event: 1.979 GC heap before
{Heap before GC invocations=4 (full 0):
 PSYoungGen      total 38400K, used 38179K [0x00000000d5d80000, 0x00000000da880000, 0x0000000100000000)
  eden space 33280K, 100% used [0x00000000d5d80000,0x00000000d7e00000,0x00000000d7e00000)
  from space 5120K, 95% used [0x00000000d7e00000,0x00000000d82c8c08,0x00000000d8300000)
  to   space 5120K, 0% used [0x00000000da380000,0x00000000da380000,0x00000000da880000)
 ParOldGen       total 87552K, used 24K [0x0000000081800000, 0x0000000086d80000, 0x00000000d5d80000)
  object space 87552K, 0% used [0x0000000081800000,0x0000000081806000,0x0000000086d80000)
 Metaspace       used 14830K, capacity 14996K, committed 15360K, reserved 1062912K
  class space    used 1849K, capacity 1939K, committed 2048K, reserved 1048576K
Event: 1.988 GC heap after
Heap after GC invocations=4 (full 0):
 PSYoungGen      total 71680K, used 5105K [0x00000000d5d80000, 0x00000000da880000, 0x0000000100000000)
  eden space 66560K, 0% used [0x00000000d5d80000,0x00000000d5d80000,0x00000000d9e80000)
  from space 5120K, 99% used [0x00000000da380000,0x00000000da87c790,0x00000000da880000)
  to   space 5120K, 0% used [0x00000000d9e80000,0x00000000d9e80000,0x00000000da380000)
 ParOldGen       total 87552K, used 263K [0x0000000081800000, 0x0000000086d80000, 0x00000000d5d80000)
  object space 87552K, 0% used [0x0000000081800000,0x0000000081841e58,0x0000000086d80000)
 Metaspace       used 14830K, capacity 14996K, committed 15360K, reserved 1062912K
  class space    used 1849K, capacity 1939K, committed 2048K, reserved 1048576K
}
Event: 2.653 GC heap before
{Heap before GC invocations=5 (full 0):
 PSYoungGen      total 71680K, used 71665K [0x00000000d5d80000, 0x00000000da880000, 0x0000000100000000)
  eden space 66560K, 100% used [0x00000000d5d80000,0x00000000d9e80000,0x00000000d9e80000)
  from space 5120K, 99% used [0x00000000da380000,0x00000000da87c790,0x00000000da880000)
  to   space 5120K, 0% used [0x00000000d9e80000,0x00000000d9e80000,0x00000000da380000)
 ParOldGen       total 87552K, used 263K [0x0000000081800000, 0x0000000086d80000, 0x00000000d5d80000)
  object space 87552K, 0% used [0x0000000081800000,0x0000000081841e58,0x0000000086d80000)
 Metaspace       used 17565K, capacity 17852K, committed 18176K, reserved 1064960K
  class space    used 2229K, capacity 2303K, committed 2304K, reserved 1048576K
Event: 2.664 GC heap after
Heap after GC invocations=5 (full 0):
 PSYoungGen      total 71680K, used 5111K [0x00000000d5d80000, 0x00000000def80000, 0x0000000100000000)
  eden space 66560K, 0% used [0x00000000d5d80000,0x00000000d5d80000,0x00000000d9e80000)
  from space 5120K, 99% used [0x00000000d9e80000,0x00000000da37dc28,0x00000000da380000)
  to   space 8192K, 0% used [0x00000000de780000,0x00000000de780000,0x00000000def80000)
 ParOldGen       total 87552K, used 3354K [0x0000000081800000, 0x0000000086d80000, 0x00000000d5d80000)
  object space 87552K, 3% used [0x0000000081800000,0x0000000081b46868,0x0000000086d80000)
 Metaspace       used 17565K, capacity 17852K, committed 18176K, reserved 1064960K
  class space    used 2229K, capacity 2303K, committed 2304K, reserved 1048576K
}
Event: 3.031 GC heap before
{Heap before GC invocations=6 (full 0):
 PSYoungGen      total 71680K, used 71671K [0x00000000d5d80000, 0x00000000def80000, 0x0000000100000000)
  eden space 66560K, 100% used [0x00000000d5d80000,0x00000000d9e80000,0x00000000d9e80000)
  from space 5120K, 99% used [0x00000000d9e80000,0x00000000da37dc28,0x00000000da380000)
  to   space 8192K, 0% used [0x00000000de780000,0x00000000de780000,0x00000000def80000)
 ParOldGen       total 87552K, used 3354K [0x0000000081800000, 0x0000000086d80000, 0x00000000d5d80000)
  object space 87552K, 3% used [0x0000000081800000,0x0000000081b46868,0x0000000086d80000)
 Metaspace       used 19256K, capacity 19534K, committed 19840K, reserved 1067008K
  class space    used 2478K, capacity 2562K, committed 2688K, reserved 1048576K
Event: 3.039 GC heap after
Heap after GC invocations=6 (full 0):
 PSYoungGen      total 140288K, used 8173K [0x00000000d5d80000, 0x00000000df180000, 0x0000000100000000)
  eden space 132096K, 0% used [0x00000000d5d80000,0x00000000d5d80000,0x00000000dde80000)
  from space 8192K, 99% used [0x00000000de780000,0x00000000def7b758,0x00000000def80000)
  to   space 9216K, 0% used [0x00000000dde80000,0x00000000dde80000,0x00000000de780000)
 ParOldGen       total 87552K, used 3496K [0x0000000081800000, 0x0000000086d80000, 0x00000000d5d80000)
  object space 87552K, 3% used [0x0000000081800000,0x0000000081b6a1e0,0x0000000086d80000)
 Metaspace       used 19256K, capacity 19534K, committed 19840K, reserved 1067008K
  class space    used 2478K, capacity 2562K, committed 2688K, reserved 1048576K
}
Event: 3.261 GC heap before
{Heap before GC invocations=7 (full 0):
 PSYoungGen      total 140288K, used 28078K [0x00000000d5d80000, 0x00000000df180000, 0x0000000100000000)
  eden space 132096K, 15% used [0x00000000d5d80000,0x00000000d70f0468,0x00000000dde80000)
  from space 8192K, 99% used [0x00000000de780000,0x00000000def7b758,0x00000000def80000)
  to   space 9216K, 0% used [0x00000000dde80000,0x00000000dde80000,0x00000000de780000)
 ParOldGen       total 87552K, used 3496K [0x0000000081800000, 0x0000000086d80000, 0x00000000d5d80000)
  object space 87552K, 3% used [0x0000000081800000,0x0000000081b6a1e0,0x0000000086d80000)
 Metaspace       used 20936K, capacity 21134K, committed 21296K, reserved 1067008K
  class space    used 2738K, capacity 2818K, committed 2864K, reserved 1048576K
Event: 3.272 GC heap after
Heap after GC invocations=7 (full 0):
 PSYoungGen      total 141312K, used 6597K [0x00000000d5d80000, 0x00000000df180000, 0x0000000100000000)
  eden space 132096K, 0% used [0x00000000d5d80000,0x00000000d5d80000,0x00000000dde80000)
  from space 9216K, 71% used [0x00000000dde80000,0x00000000de4f1738,0x00000000de780000)
  to   space 8192K, 0% used [0x00000000de780000,0x00000000de780000,0x00000000def80000)
 ParOldGen       total 87552K, used 5586K [0x0000000081800000, 0x0000000086d80000, 0x00000000d5d80000)
  object space 87552K, 6% used [0x0000000081800000,0x0000000081d74b58,0x0000000086d80000)
 Metaspace       used 20936K, capacity 21134K, committed 21296K, reserved 1067008K
  class space    used 2738K, capacity 2818K, committed 2864K, reserved 1048576K
}
Event: 3.272 GC heap before
{Heap before GC invocations=8 (full 1):
 PSYoungGen      total 141312K, used 6597K [0x00000000d5d80000, 0x00000000df180000, 0x0000000100000000)
  eden space 132096K, 0% used [0x00000000d5d80000,0x00000000d5d80000,0x00000000dde80000)
  from space 9216K, 71% used [0x00000000dde80000,0x00000000de4f1738,0x00000000de780000)
  to   space 8192K, 0% used [0x00000000de780000,0x00000000de780000,0x00000000def80000)
 ParOldGen       total 87552K, used 5586K [0x0000000081800000, 0x0000000086d80000, 0x00000000d5d80000)
  object space 87552K, 6% used [0x0000000081800000,0x0000000081d74b58,0x0000000086d80000)
 Metaspace       used 20936K, capacity 21134K, committed 21296K, reserved 1067008K
  class space    used 2738K, capacity 2818K, committed 2864K, reserved 1048576K

