# JRE version: Java(TM) SE Runtime Environment (8.0_152-b16) (build 1.8.0_152-b16)
# Java VM: Java HotSpot(TM) 64-Bit Server VM (25.152-b16 mixed mode windows-amd64 compressed oops)
Heap:
 PSYoungGen      total 132608K, used 112338K [0x00000000eab00000, 0x00000000f3d80000, 0x0000000100000000)
  eden space 125952K, 83% used [0x00000000eab00000,0x00000000f12457c8,0x00000000f2600000)
  from space 6656K, 98% used [0x00000000f3700000,0x00000000f3d6f328,0x00000000f3d80000)
  to   space 9728K, 0% used [0x00000000f2a80000,0x00000000f2a80000,0x00000000f3400000)
 ParOldGen       total 51200K, used 10024K [0x00000000c0000000, 0x00000000c3200000, 0x00000000eab00000)
  object space 51200K, 19% used [0x00000000c0000000,0x00000000c09ca008,0x00000000c3200000)
 Metaspace       used 32173K, capacity 32770K, committed 33024K, reserved 1077248K
  class space    used 4568K, capacity 4783K, committed 4864K, reserved 1048576K
GC Heap History (10 events):
Event: 4.829 GC heap before
{Heap before GC invocations=3 (full 0):
 PSYoungGen      total 38400K, used 38396K [0x00000000eab00000, 0x00000000ed580000, 0x0000000100000000)
  eden space 33280K, 100% used [0x00000000eab00000,0x00000000ecb80000,0x00000000ecb80000)
  from space 5120K, 99% used [0x00000000ed080000,0x00000000ed57f190,0x00000000ed580000)
  to   space 5120K, 0% used [0x00000000ecb80000,0x00000000ecb80000,0x00000000ed080000)
 ParOldGen       total 87552K, used 760K [0x00000000c0000000, 0x00000000c5580000, 0x00000000eab00000)
  object space 87552K, 0% used [0x00000000c0000000,0x00000000c00be208,0x00000000c5580000)
 Metaspace       used 15482K, capacity 15796K, committed 15872K, reserved 1062912K
  class space    used 2206K, capacity 2290K, committed 2304K, reserved 1048576K
Event: 4.870 GC heap after
Heap after GC invocations=3 (full 0):
 PSYoungGen      total 38400K, used 5092K [0x00000000eab00000, 0x00000000ef600000, 0x0000000100000000)
  eden space 33280K, 0% used [0x00000000eab00000,0x00000000eab00000,0x00000000ecb80000)
  from space 5120K, 99% used [0x00000000ecb80000,0x00000000ed079238,0x00000000ed080000)
  to   space 5120K, 0% used [0x00000000ef100000,0x00000000ef100000,0x00000000ef600000)
 ParOldGen       total 87552K, used 3201K [0x00000000c0000000, 0x00000000c5580000, 0x00000000eab00000)
  object space 87552K, 3% used [0x00000000c0000000,0x00000000c03204b0,0x00000000c5580000)
 Metaspace       used 15482K, capacity 15796K, committed 15872K, reserved 1062912K
  class space    used 2206K, capacity 2290K, committed 2304K, reserved 1048576K
}
Event: 6.633 GC heap before
{Heap before GC invocations=4 (full 0):
 PSYoungGen      total 38400K, used 37524K [0x00000000eab00000, 0x00000000ef600000, 0x0000000100000000)
  eden space 33280K, 97% used [0x00000000eab00000,0x00000000ecaac0e8,0x00000000ecb80000)
  from space 5120K, 99% used [0x00000000ecb80000,0x00000000ed079238,0x00000000ed080000)
  to   space 5120K, 0% used [0x00000000ef100000,0x00000000ef100000,0x00000000ef600000)
 ParOldGen       total 87552K, used 3201K [0x00000000c0000000, 0x00000000c5580000, 0x00000000eab00000)
  object space 87552K, 3% used [0x00000000c0000000,0x00000000c03204b0,0x00000000c5580000)
 Metaspace       used 20492K, capacity 20878K, committed 20992K, reserved 1067008K
  class space    used 2863K, capacity 3015K, committed 3072K, reserved 1048576K
Event: 6.691 GC heap after
Heap after GC invocations=4 (full 0):
 PSYoungGen      total 71680K, used 5104K [0x00000000eab00000, 0x00000000ef600000, 0x0000000100000000)
  eden space 66560K, 0% used [0x00000000eab00000,0x00000000eab00000,0x00000000eec00000)
  from space 5120K, 99% used [0x00000000ef100000,0x00000000ef5fc040,0x00000000ef600000)
  to   space 5120K, 0% used [0x00000000eec00000,0x00000000eec00000,0x00000000ef100000)
 ParOldGen       total 87552K, used 7748K [0x00000000c0000000, 0x00000000c5580000, 0x00000000eab00000)
  object space 87552K, 8% used [0x00000000c0000000,0x00000000c07910b8,0x00000000c5580000)
 Metaspace       used 20492K, capacity 20878K, committed 20992K, reserved 1067008K
  class space    used 2863K, capacity 3015K, committed 3072K, reserved 1048576K
}
Event: 6.702 GC heap before
{Heap before GC invocations=5 (full 0):
 PSYoungGen      total 71680K, used 8082K [0x00000000eab00000, 0x00000000ef600000, 0x0000000100000000)
  eden space 66560K, 4% used [0x00000000eab00000,0x00000000eade89c0,0x00000000eec00000)
  from space 5120K, 99% used [0x00000000ef100000,0x00000000ef5fc040,0x00000000ef600000)
  to   space 5120K, 0% used [0x00000000eec00000,0x00000000eec00000,0x00000000ef100000)
 ParOldGen       total 87552K, used 7748K [0x00000000c0000000, 0x00000000c5580000, 0x00000000eab00000)
  object space 87552K, 8% used [0x00000000c0000000,0x00000000c07910b8,0x00000000c5580000)
 Metaspace       used 20780K, capacity 21134K, committed 21248K, reserved 1067008K
  class space    used 2863K, capacity 3015K, committed 3072K, reserved 1048576K
Event: 6.708 GC heap after
Heap after GC invocations=5 (full 0):
 PSYoungGen      total 71680K, used 5088K [0x00000000eab00000, 0x00000000f4100000, 0x0000000100000000)
  eden space 66560K, 0% used [0x00000000eab00000,0x00000000eab00000,0x00000000eec00000)
  from space 5120K, 99% used [0x00000000eec00000,0x00000000ef0f8010,0x00000000ef100000)
  to   space 10240K, 0% used [0x00000000f3700000,0x00000000f3700000,0x00000000f4100000)
 ParOldGen       total 87552K, used 8864K [0x00000000c0000000, 0x00000000c5580000, 0x00000000eab00000)
  object space 87552K, 10% used [0x00000000c0000000,0x00000000c08a8078,0x00000000c5580000)
 Metaspace       used 20780K, capacity 21134K, committed 21248K, reserved 1067008K
  class space    used 2863K, capacity 3015K, committed 3072K, reserved 1048576K
}
Event: 6.708 GC heap before
{Heap before GC invocations=6 (full 1):
 PSYoungGen      total 71680K, used 5088K [0x00000000eab00000, 0x00000000f4100000, 0x0000000100000000)
  eden space 66560K, 0% used [0x00000000eab00000,0x00000000eab00000,0x00000000eec00000)
  from space 5120K, 99% used [0x00000000eec00000,0x00000000ef0f8010,0x00000000ef100000)
  to   space 10240K, 0% used [0x00000000f3700000,0x00000000f3700000,0x00000000f4100000)
 ParOldGen       total 87552K, used 8864K [0x00000000c0000000, 0x00000000c5580000, 0x00000000eab00000)
  object space 87552K, 10% used [0x00000000c0000000,0x00000000c08a8078,0x00000000c5580000)
 Metaspace       used 20780K, capacity 21134K, committed 21248K, reserved 1067008K
  class space    used 2863K, capacity 3015K, committed 3072K, reserved 1048576K
Event: 6.777 GC heap after
Heap after GC invocations=6 (full 1):
 PSYoungGen      total 71680K, used 0K [0x00000000eab00000, 0x00000000f4100000, 0x0000000100000000)
  eden space 66560K, 0% used [0x00000000eab00000,0x00000000eab00000,0x00000000eec00000)
  from space 5120K, 0% used [0x00000000eec00000,0x00000000eec00000,0x00000000ef100000)
  to   space 10240K, 0% used [0x00000000f3700000,0x00000000f3700000,0x00000000f4100000)
 ParOldGen       total 51200K, used 10024K [0x00000000c0000000, 0x00000000c3200000, 0x00000000eab00000)
  object space 51200K, 19% used [0x00000000c0000000,0x00000000c09ca008,0x00000000c3200000)
 Metaspace       used 20780K, capacity 21134K, committed 21248K, reserved 1067008K
  class space    used 2863K, capacity 3015K, committed 3072K, reserved 1048576K
}
Event: 10.408 GC heap before
{Heap before GC invocations=7 (full 1):
 PSYoungGen      total 71680K, used 66560K [0x00000000eab00000, 0x00000000f4100000, 0x0000000100000000)
  eden space 66560K, 100% used [0x00000000eab00000,0x00000000eec00000,0x00000000eec00000)
  from space 5120K, 0% used [0x00000000eec00000,0x00000000eec00000,0x00000000ef100000)
  to   space 10240K, 0% used [0x00000000f3700000,0x00000000f3700000,0x00000000f4100000)
 ParOldGen       total 51200K, used 10024K [0x00000000c0000000, 0x00000000c3200000, 0x00000000eab00000)
  object space 51200K, 19% used [0x00000000c0000000,0x00000000c09ca008,0x00000000c3200000)
 Metaspace       used 25857K, capacity 26440K, committed 26624K, reserved 1073152K
  class space    used 3566K, capacity 3727K, committed 3840K, reserved 1048576K
Event: 10.465 GC heap after
Heap after GC invocations=7 (full 1):
 PSYoungGen      total 132608K, used 6588K [0x00000000eab00000, 0x00000000f3d80000, 0x0000000100000000)
  eden space 125952K, 0% used [0x00000000eab00000,0x00000000eab00000,0x00000000f2600000)
  from space 6656K, 98% used [0x00000000f3700000,0x00000000f3d6f328,0x00000000f3d80000)
  to   space 9728K, 0% used [0x00000000f2a80000,0x00000000f2a80000,0x00000000f3400000)
 ParOldGen       total 51200K, used 10024K [0x00000000c0000000, 0x00000000c3200000, 0x00000000eab00000)
  object space 51200K, 19% used [0x00000000c0000000,0x00000000c09ca008,0x00000000c3200000)
 Metaspace       used 25857K, capacity 26440K, committed 26624K, reserved 1073152K
  class space    used 3566K, capacity 3727K, committed 3840K, reserved 1048576K
}

