# JRE version: Java(TM) SE Runtime Environment (8.0_152-b16) (build 1.8.0_152-b16)
# Java VM: Java HotSpot(TM) 64-Bit Server VM (25.152-b16 mixed mode windows-amd64 compressed oops)
Heap:
 PSYoungGen      total 209408K, used 2938K [0x00000000d5d80000, 0x00000000e3a80000, 0x0000000100000000)
  eden space 196608K, 0% used [0x00000000d5d80000,0x00000000d5d80000,0x00000000e1d80000)
  from space 12800K, 22% used [0x00000000e1d80000,0x00000000e205eae8,0x00000000e2a00000)
  to   space 13312K, 0% used [0x00000000e2a00000,0x00000000e2a00000,0x00000000e3700000)
 ParOldGen       total 93696K, used 15450K [0x0000000081800000, 0x0000000087380000, 0x00000000d5d80000)
  object space 93696K, 16% used [0x0000000081800000,0x0000000082716910,0x0000000087380000)
 Metaspace       used 36721K, capacity 37086K, committed 37376K, reserved 1085440K
  class space    used 4943K, capacity 5074K, committed 5120K, reserved 1048576K
GC Heap History (10 events):
Event: 2.350 GC heap after
Heap after GC invocations=7 (full 1):
 PSYoungGen      total 141312K, used 0K [0x00000000d5d80000, 0x00000000df080000, 0x0000000100000000)
  eden space 133120K, 0% used [0x00000000d5d80000,0x00000000d5d80000,0x00000000ddf80000)
  from space 8192K, 0% used [0x00000000de880000,0x00000000de880000,0x00000000df080000)
  to   space 8704K, 0% used [0x00000000ddf80000,0x00000000ddf80000,0x00000000de800000)
 ParOldGen       total 61440K, used 8508K [0x0000000081800000, 0x0000000085400000, 0x00000000d5d80000)
  object space 61440K, 13% used [0x0000000081800000,0x000000008204f148,0x0000000085400000)
 Metaspace       used 20863K, capacity 21158K, committed 21296K, reserved 1067008K
  class space    used 2765K, capacity 2878K, committed 2944K, reserved 1048576K
}
Event: 4.035 GC heap before
{Heap before GC invocations=8 (full 1):
 PSYoungGen      total 141312K, used 133120K [0x00000000d5d80000, 0x00000000df080000, 0x0000000100000000)
  eden space 133120K, 100% used [0x00000000d5d80000,0x00000000ddf80000,0x00000000ddf80000)
  from space 8192K, 0% used [0x00000000de880000,0x00000000de880000,0x00000000df080000)
  to   space 8704K, 0% used [0x00000000ddf80000,0x00000000ddf80000,0x00000000de800000)
 ParOldGen       total 61440K, used 8508K [0x0000000081800000, 0x0000000085400000, 0x00000000d5d80000)
  object space 61440K, 13% used [0x0000000081800000,0x000000008204f148,0x0000000085400000)
 Metaspace       used 33373K, capacity 33756K, committed 34176K, reserved 1079296K
  class space    used 4492K, capacity 4615K, committed 4736K, reserved 1048576K
Event: 4.047 GC heap after
Heap after GC invocations=8 (full 1):
 PSYoungGen      total 141824K, used 8701K [0x00000000d5d80000, 0x00000000e3700000, 0x0000000100000000)
  eden space 133120K, 0% used [0x00000000d5d80000,0x00000000d5d80000,0x00000000ddf80000)
  from space 8704K, 99% used [0x00000000ddf80000,0x00000000de7ff630,0x00000000de800000)
  to   space 13312K, 0% used [0x00000000e2a00000,0x00000000e2a00000,0x00000000e3700000)
 ParOldGen       total 61440K, used 15489K [0x0000000081800000, 0x0000000085400000, 0x00000000d5d80000)
  object space 61440K, 25% used [0x0000000081800000,0x0000000082720438,0x0000000085400000)
 Metaspace       used 33373K, capacity 33756K, committed 34176K, reserved 1079296K
  class space    used 4492K, capacity 4615K, committed 4736K, reserved 1048576K
}
Event: 4.203 GC heap before
{Heap before GC invocations=9 (full 1):
 PSYoungGen      total 141824K, used 26582K [0x00000000d5d80000, 0x00000000e3700000, 0x0000000100000000)
  eden space 133120K, 13% used [0x00000000d5d80000,0x00000000d6ef6440,0x00000000ddf80000)
  from space 8704K, 99% used [0x00000000ddf80000,0x00000000de7ff630,0x00000000de800000)
  to   space 13312K, 0% used [0x00000000e2a00000,0x00000000e2a00000,0x00000000e3700000)
 ParOldGen       total 61440K, used 15489K [0x0000000081800000, 0x0000000085400000, 0x00000000d5d80000)
  object space 61440K, 25% used [0x0000000081800000,0x0000000082720438,0x0000000085400000)
 Metaspace       used 34936K, capacity 35258K, committed 35496K, reserved 1079296K
  class space    used 4693K, capacity 4812K, committed 4864K, reserved 1048576K
Event: 4.210 GC heap after
Heap after GC invocations=9 (full 1):
 PSYoungGen      total 209920K, used 8504K [0x00000000d5d80000, 0x00000000e3a80000, 0x0000000100000000)
  eden space 196608K, 0% used [0x00000000d5d80000,0x00000000d5d80000,0x00000000e1d80000)
  from space 13312K, 63% used [0x00000000e2a00000,0x00000000e324e010,0x00000000e3700000)
  to   space 12800K, 0% used [0x00000000e1d80000,0x00000000e1d80000,0x00000000e2a00000)
 ParOldGen       total 61440K, used 15497K [0x0000000081800000, 0x0000000085400000, 0x00000000d5d80000)
  object space 61440K, 25% used [0x0000000081800000,0x0000000082722438,0x0000000085400000)
 Metaspace       used 34936K, capacity 35258K, committed 35496K, reserved 1079296K
  class space    used 4693K, capacity 4812K, committed 4864K, reserved 1048576K
}
Event: 4.210 GC heap before
{Heap before GC invocations=10 (full 2):
 PSYoungGen      total 209920K, used 8504K [0x00000000d5d80000, 0x00000000e3a80000, 0x0000000100000000)
  eden space 196608K, 0% used [0x00000000d5d80000,0x00000000d5d80000,0x00000000e1d80000)
  from space 13312K, 63% used [0x00000000e2a00000,0x00000000e324e010,0x00000000e3700000)
  to   space 12800K, 0% used [0x00000000e1d80000,0x00000000e1d80000,0x00000000e2a00000)
 ParOldGen       total 61440K, used 15497K [0x0000000081800000, 0x0000000085400000, 0x00000000d5d80000)
  object space 61440K, 25% used [0x0000000081800000,0x0000000082722438,0x0000000085400000)
 Metaspace       used 34936K, capacity 35258K, committed 35496K, reserved 1079296K
  class space    used 4693K, capacity 4812K, committed 4864K, reserved 1048576K
Event: 4.255 GC heap after
Heap after GC invocations=10 (full 2):
 PSYoungGen      total 209920K, used 0K [0x00000000d5d80000, 0x00000000e3a80000, 0x0000000100000000)
  eden space 196608K, 0% used [0x00000000d5d80000,0x00000000d5d80000,0x00000000e1d80000)
  from space 13312K, 0% used [0x00000000e2a00000,0x00000000e2a00000,0x00000000e3700000)
  to   space 12800K, 0% used [0x00000000e1d80000,0x00000000e1d80000,0x00000000e2a00000)
 ParOldGen       total 93696K, used 15442K [0x0000000081800000, 0x0000000087380000, 0x00000000d5d80000)
  object space 93696K, 16% used [0x0000000081800000,0x0000000082714910,0x0000000087380000)
 Metaspace       used 34936K, capacity 35258K, committed 35496K, reserved 1079296K
  class space    used 4693K, capacity 4812K, committed 4864K, reserved 1048576K
}
Event: 4.515 GC heap before
{Heap before GC invocations=11 (full 2):
 PSYoungGen      total 209920K, used 29479K [0x00000000d5d80000, 0x00000000e3a80000, 0x0000000100000000)
  eden space 196608K, 14% used [0x00000000d5d80000,0x00000000d7a49c98,0x00000000e1d80000)
  from space 13312K, 0% used [0x00000000e2a00000,0x00000000e2a00000,0x00000000e3700000)
  to   space 12800K, 0% used [0x00000000e1d80000,0x00000000e1d80000,0x00000000e2a00000)
 ParOldGen       total 93696K, used 15442K [0x0000000081800000, 0x0000000087380000, 0x00000000d5d80000)
  object space 93696K, 16% used [0x0000000081800000,0x0000000082714910,0x0000000087380000)
 Metaspace       used 36721K, capacity 37086K, committed 37376K, reserved 1085440K
  class space    used 4943K, capacity 5074K, committed 5120K, reserved 1048576K
Event: 4.519 GC heap after
Heap after GC invocations=11 (full 2):
 PSYoungGen      total 209408K, used 2938K [0x00000000d5d80000, 0x00000000e3a80000, 0x0000000100000000)
  eden space 196608K, 0% used [0x00000000d5d80000,0x00000000d5d80000,0x00000000e1d80000)
  from space 12800K, 22% used [0x00000000e1d80000,0x00000000e205eae8,0x00000000e2a00000)
  to   space 13312K, 0% used [0x00000000e2a00000,0x00000000e2a00000,0x00000000e3700000)
 ParOldGen       total 93696K, used 15450K [0x0000000081800000, 0x0000000087380000, 0x00000000d5d80000)
  object space 93696K, 16% used [0x0000000081800000,0x0000000082716910,0x0000000087380000)
 Metaspace       used 36721K, capacity 37086K, committed 37376K, reserved 1085440K
  class space    used 4943K, capacity 5074K, committed 5120K, reserved 1048576K
}
Event: 4.519 GC heap before
{Heap before GC invocations=12 (full 3):
 PSYoungGen      total 209408K, used 2938K [0x00000000d5d80000, 0x00000000e3a80000, 0x0000000100000000)
  eden space 196608K, 0% used [0x00000000d5d80000,0x00000000d5d80000,0x00000000e1d80000)
  from space 12800K, 22% used [0x00000000e1d80000,0x00000000e205eae8,0x00000000e2a00000)
  to   space 13312K, 0% used [0x00000000e2a00000,0x00000000e2a00000,0x00000000e3700000)
 ParOldGen       total 93696K, used 15450K [0x0000000081800000, 0x0000000087380000, 0x00000000d5d80000)
  object space 93696K, 16% used [0x0000000081800000,0x0000000082716910,0x0000000087380000)
 Metaspace       used 36721K, capacity 37086K, committed 37376K, reserved 1085440K
  class space    used 4943K, capacity 5074K, committed 5120K, reserved 1048576K

